2022-12-17 15:40:30.009 [info] Log level: Info
2022-12-17 15:40:30.009 [info] Validating found git in: "git"
2022-12-17 15:40:30.009 [info] Using git "2.39.0" from "git"
2022-12-17 15:40:30.009 [info] > git rev-parse --show-toplevel [8ms]
2022-12-17 15:40:30.009 [info] fatal: not a git repository (or any of the parent directories): .git
2022-12-17 15:40:30.009 [info] > git rev-parse --show-toplevel [2ms]
2022-12-17 15:40:30.009 [info] fatal: not a git repository (or any of the parent directories): .git
2022-12-17 15:40:30.009 [info] > git rev-parse --show-toplevel [3ms]
2022-12-17 15:40:30.009 [info] fatal: not a git repository (or any of the parent directories): .git
2022-12-17 15:40:30.009 [info] > git rev-parse --show-toplevel [50ms]
2022-12-17 15:40:30.009 [info] fatal: not a git repository (or any of the parent directories): .git
2022-12-17 15:40:30.035 [info] > git rev-parse --show-toplevel [19ms]
2022-12-17 15:40:30.035 [info] fatal: not a git repository (or any of the parent directories): .git
2022-12-17 15:40:30.048 [info] > git rev-parse --show-toplevel [6ms]
2022-12-17 15:40:30.048 [info] fatal: not a git repository (or any of the parent directories): .git
2022-12-17 15:40:30.062 [info] > git rev-parse --show-toplevel [8ms]
2022-12-17 15:40:30.062 [info] fatal: not a git repository (or any of the parent directories): .git
2022-12-17 15:40:30.078 [info] > git rev-parse --show-toplevel [11ms]
2022-12-17 15:40:30.078 [info] fatal: not a git repository (or any of the parent directories): .git
2022-12-17 15:40:30.085 [info] > git rev-parse --show-toplevel [1ms]
2022-12-17 15:40:30.085 [info] fatal: not a git repository (or any of the parent directories): .git
2022-12-17 15:40:30.090 [info] > git rev-parse --show-toplevel [1ms]
2022-12-17 15:40:30.090 [info] fatal: not a git repository (or any of the parent directories): .git
2022-12-17 15:40:30.094 [info] > git rev-parse --show-toplevel [0ms]
2022-12-17 15:40:30.094 [info] fatal: not a git repository (or any of the parent directories): .git
2022-12-17 15:40:34.652 [info] > git rev-parse --show-toplevel [2ms]
2022-12-17 15:40:34.652 [info] fatal: not a git repository (or any of the parent directories): .git
2022-12-17 15:42:17.548 [info] > git rev-parse --show-toplevel [1ms]
2022-12-17 15:42:17.552 [info] > git rev-parse --git-dir --git-common-dir [0ms]
2022-12-17 15:42:17.557 [info] Open repository: /home/nik/.config/tint2
2022-12-17 15:42:17.569 [info] > git config --get commit.template [5ms]
2022-12-17 15:42:17.571 [info] > git for-each-ref --format=%(refname)%00%(upstream:short)%00%(objectname)%00%(upstream:track)%00%(upstream:remotename)%00%(upstream:remoteref) refs/heads/master refs/remotes/master [3ms]
2022-12-17 15:42:17.585 [info] > git for-each-ref --sort -committerdate --format %(refname) %(objectname) %(*objectname) [1ms]
2022-12-17 15:42:17.589 [info] > git status -z -uall [12ms]
2022-12-17 15:42:17.605 [info] > git config --get commit.template [5ms]
2022-12-17 15:42:17.606 [info] > git for-each-ref --format=%(refname)%00%(upstream:short)%00%(objectname)%00%(upstream:track)%00%(upstream:remotename)%00%(upstream:remoteref) refs/heads/master refs/remotes/master [1ms]
2022-12-17 15:42:17.614 [info] > git status -z -uall [4ms]
2022-12-17 15:42:17.616 [info] > git for-each-ref --sort -committerdate --format %(refname) %(objectname) %(*objectname) [3ms]
2022-12-17 15:42:17.894 [info] > git show --textconv :tint2.sh [5ms]
2022-12-17 15:42:17.894 [info] > git ls-files --stage -- /home/nik/.config/tint2/tint2.sh [2ms]
2022-12-17 15:42:18.087 [info] > git check-ignore -v -z --stdin [8ms]
2022-12-17 15:42:20.853 [info] > git rev-parse --show-toplevel [2ms]
2022-12-17 15:42:20.853 [info] fatal: not a git repository (or any of the parent directories): .git
2022-12-17 15:42:49.124 [info] > git show --textconv :tint2.sh [3ms]
2022-12-17 15:42:49.125 [info] > git ls-files --stage -- /home/nik/.config/tint2/tint2.sh [1ms]
2022-12-17 15:42:56.286 [info] > git for-each-ref --format=%(refname)%00%(upstream:short)%00%(objectname)%00%(upstream:track)%00%(upstream:remotename)%00%(upstream:remoteref) refs/heads/master refs/remotes/master [1ms]
2022-12-17 15:42:56.286 [info] > git config --get commit.template [10ms]
2022-12-17 15:42:56.300 [info] > git status -z -uall [5ms]
2022-12-17 15:42:56.301 [info] > git for-each-ref --sort -committerdate --format %(refname) %(objectname) %(*objectname) [2ms]
2022-12-17 15:43:00.269 [info] > git rev-parse --show-toplevel [1ms]
2022-12-17 15:43:00.269 [info] fatal: not a git repository (or any of the parent directories): .git
2022-12-17 15:44:11.002 [info] > git rev-parse --show-toplevel [1ms]
2022-12-17 15:44:11.002 [info] fatal: not a git repository (or any of the parent directories): .git
2022-12-17 15:44:27.895 [info] > git rev-parse --show-toplevel [1ms]
2022-12-17 15:44:27.895 [info] fatal: not a git repository (or any of the parent directories): .git
2022-12-17 15:47:37.184 [info] > git rev-parse --show-toplevel [1ms]
2022-12-17 15:47:37.184 [info] fatal: not a git repository (or any of the parent directories): .git
2022-12-17 15:56:51.335 [info] > git rev-parse --show-toplevel [4ms]
2022-12-17 15:56:51.335 [info] fatal: not a git repository (or any of the parent directories): .git
2022-12-17 15:56:51.353 [info] > git rev-parse --show-toplevel [13ms]
2022-12-17 15:56:51.353 [info] fatal: not a git repository (or any of the parent directories): .git
2022-12-17 15:56:51.361 [info] > git rev-parse --show-toplevel [1ms]
2022-12-17 15:56:51.361 [info] fatal: not a git repository (or any of the parent directories): .git
2022-12-17 15:56:51.368 [info] > git rev-parse --show-toplevel [1ms]
2022-12-17 15:56:51.368 [info] fatal: not a git repository (or any of the parent directories): .git
2022-12-17 15:56:51.373 [info] > git rev-parse --show-toplevel [1ms]
2022-12-17 15:56:51.373 [info] fatal: not a git repository (or any of the parent directories): .git
2022-12-17 15:56:51.377 [info] > git rev-parse --show-toplevel [0ms]
2022-12-17 15:56:51.377 [info] fatal: not a git repository (or any of the parent directories): .git
2022-12-17 16:01:51.108 [info] > git rev-parse --show-toplevel [3ms]
2022-12-17 16:01:51.108 [info] fatal: not a git repository (or any of the parent directories): .git
