2022-12-09 06:44:49.407 [info] Added views:workbench.panel.markers.view in workbench.panel.markers
2022-12-09 06:44:49.407 [info] Added views:workbench.panel.output in workbench.panel.output
2022-12-09 06:44:49.407 [info] Added views:terminal in terminal
2022-12-09 06:44:49.407 [info] Added views:outline in workbench.view.explorer
2022-12-09 06:44:49.407 [info] Added views:workbench.scm in workbench.view.scm
2022-12-09 06:44:49.407 [info] Added views:workbench.view.search in workbench.view.search
2022-12-09 06:44:49.407 [info] Added views:timeline in workbench.view.explorer
2022-12-09 06:44:49.407 [info] Added views:workbench.explorer.fileView in workbench.view.explorer
2022-12-09 06:44:49.539 [info] Added views:marquee in workbench.view.extension.marquee
2022-12-09 06:44:49.540 [info] Added views:robot.view.documentation in workbench.view.extension.robot-documentation
2022-12-09 06:44:49.540 [info] Added views:robot.view.output in workbench.view.extension.robot-output
2022-12-09 06:44:49.641 [info] Added views:workbench.debug.welcome in workbench.view.debug
2022-12-09 06:44:49.956 [info] Added views:dendron.recent-workspaces,dendron.help-and-feedback in workbench.view.extension.dendron-view
2022-12-09 06:44:49.984 [info] Added views:workbench.panel.repl.view in workbench.panel.repl
2022-12-09 06:44:50.843 [info] Added views:workbench.panel.comments in workbench.panel.comments
2022-12-09 06:44:51.890 [info] Removed views:dendron.recent-workspaces from workbench.view.extension.dendron-view
2022-12-09 06:44:51.891 [info] Added views:dendron.treeView,dendron.tip-of-the-day,dendron.backlinks in workbench.views.service.auxiliarybar.9a50389e-b277-41a8-bd58-7656f1d1ecd0
2022-12-09 06:44:51.892 [info] Added views:dendron.calendar-view,dendron.graph-panel in workbench.view.extension.dendron-view
2022-12-09 06:45:11.969 [info] Added views:workbench.panel.markers.view in workbench.panel.markers
2022-12-09 06:45:11.969 [info] Added views:workbench.panel.output in workbench.panel.output
2022-12-09 06:45:11.969 [info] Added views:terminal in terminal
2022-12-09 06:45:11.969 [info] Added views:outline in workbench.view.explorer
2022-12-09 06:45:11.969 [info] Added views:workbench.scm in workbench.view.scm
2022-12-09 06:45:11.969 [info] Added views:workbench.view.search in workbench.view.search
2022-12-09 06:45:11.969 [info] Added views:timeline in workbench.view.explorer
2022-12-09 06:45:11.969 [info] Added views:workbench.explorer.fileView in workbench.view.explorer
2022-12-09 06:45:12.085 [info] Added views:workbench.debug.welcome in workbench.view.debug
2022-12-09 06:45:12.380 [info] Added views:marquee in workbench.view.extension.marquee
2022-12-09 06:45:12.383 [info] Added views:robot.view.documentation in workbench.view.extension.robot-documentation
2022-12-09 06:45:12.385 [info] Added views:robot.view.output in workbench.view.extension.robot-output
2022-12-09 06:45:12.585 [info] Added views:dendron.recent-workspaces,dendron.help-and-feedback in workbench.view.extension.dendron-view
2022-12-09 06:45:12.620 [info] Added views:workbench.panel.repl.view in workbench.panel.repl
2022-12-09 06:45:13.256 [info] Added views:workbench.panel.comments in workbench.panel.comments
2022-12-09 12:14:56.102 [info] Added views:workbench.panel.markers.view in workbench.panel.markers
2022-12-09 12:14:56.102 [info] Added views:workbench.panel.output in workbench.panel.output
2022-12-09 12:14:56.102 [info] Added views:terminal in terminal
2022-12-09 12:14:56.102 [info] Added views:outline in workbench.view.explorer
2022-12-09 12:14:56.102 [info] Added views:workbench.scm in workbench.view.scm
2022-12-09 12:14:56.102 [info] Added views:workbench.view.search in workbench.view.search
2022-12-09 12:14:56.102 [info] Added views:timeline in workbench.view.explorer
2022-12-09 12:14:56.102 [info] Added views:workbench.explorer.fileView in workbench.view.explorer
2022-12-09 12:14:56.229 [info] Added views:workbench.debug.welcome in workbench.view.debug
2022-12-09 12:14:56.460 [info] Added views:marquee in workbench.view.extension.marquee
2022-12-09 12:14:56.461 [info] Added views:robot.view.documentation in workbench.view.extension.robot-documentation
2022-12-09 12:14:56.462 [info] Added views:robot.view.output in workbench.view.extension.robot-output
2022-12-09 12:14:56.915 [info] Added views:dendron.recent-workspaces,dendron.help-and-feedback in workbench.view.extension.dendron-view
2022-12-09 12:14:56.974 [info] Added views:workbench.panel.repl.view in workbench.panel.repl
2022-12-09 12:14:58.233 [info] Added views:workbench.panel.comments in workbench.panel.comments
2022-12-09 12:18:46.103 [info] Added views:workbench.views.extensions.installed,workbench.views.extensions.popular,extensions.recommendedList in workbench.view.extensions
2022-12-09 12:18:46.104 [info] Removed views:workbench.views.extensions.popular from workbench.view.extensions
2022-12-09 12:18:46.671 [info] Removed views:extensions.recommendedList,workbench.views.extensions.installed from workbench.view.extensions
2022-12-09 12:18:46.700 [info] Added views:workbench.views.extensions.marketplace in workbench.view.extensions
2022-12-09 12:19:20.999 [info] Removed views:workbench.views.extensions.marketplace from workbench.view.extensions
2022-12-09 12:19:21.008 [info] Added views:workbench.views.extensions.installed,extensions.recommendedList in workbench.view.extensions
2022-12-09 12:19:23.987 [info] Removed views:extensions.recommendedList,workbench.views.extensions.installed from workbench.view.extensions
2022-12-09 12:19:24.012 [info] Added views:workbench.views.extensions.marketplace in workbench.view.extensions
