2022-12-06 22:58:34.427 [warning] [redhat.vscode-yaml]: Cannot register 'redhat.telemetry.enabled'. This property is already registered.
2022-12-06 22:58:35.159 [error] [idleberg.icon-fonts]: Unknown language in `contributes.icon-fonts.language`. Provided value: blade
2022-12-06 22:58:35.160 [error] [idleberg.icon-fonts]: Unknown language in `contributes.icon-fonts.language`. Provided value: blade
2022-12-06 22:58:35.160 [error] [idleberg.icon-fonts]: Unknown language in `contributes.icon-fonts.language`. Provided value: blade
2022-12-06 22:58:35.160 [error] [idleberg.icon-fonts]: Unknown language in `contributes.icon-fonts.language`. Provided value: blade
2022-12-06 22:58:35.160 [error] [idleberg.icon-fonts]: Unknown language in `contributes.icon-fonts.language`. Provided value: blade
2022-12-06 22:58:35.160 [error] [idleberg.icon-fonts]: Unknown language in `contributes.icon-fonts.language`. Provided value: blade
2022-12-06 22:58:35.161 [error] [idleberg.icon-fonts]: Unknown language in `contributes.icon-fonts.language`. Provided value: blade
2022-12-06 22:58:35.161 [error] [idleberg.icon-fonts]: Unknown language in `contributes.icon-fonts.language`. Provided value: blade
2022-12-06 22:58:35.161 [error] [idleberg.icon-fonts]: Unknown language in `contributes.icon-fonts.language`. Provided value: blade
2022-12-06 22:58:35.161 [error] [idleberg.icon-fonts]: Unknown language in `contributes.icon-fonts.language`. Provided value: blade
2022-12-06 22:58:35.161 [error] [idleberg.icon-fonts]: Unknown language in `contributes.icon-fonts.language`. Provided value: blade
2022-12-06 22:58:35.162 [error] [idleberg.icon-fonts]: Unknown language in `contributes.icon-fonts.language`. Provided value: blade
2022-12-06 22:58:35.162 [error] [idleberg.icon-fonts]: Unknown language in `contributes.icon-fonts.language`. Provided value: blade
2022-12-06 22:58:35.162 [error] [idleberg.icon-fonts]: Unknown language in `contributes.icon-fonts.language`. Provided value: blade
2022-12-06 22:58:35.162 [error] [idleberg.icon-fonts]: Unknown language in `contributes.icon-fonts.language`. Provided value: blade
2022-12-06 22:58:35.162 [error] [idleberg.icon-fonts]: Unknown language in `contributes.icon-fonts.language`. Provided value: blade
2022-12-06 22:58:35.162 [error] [idleberg.icon-fonts]: Unknown language in `contributes.icon-fonts.language`. Provided value: blade
2022-12-06 22:58:35.163 [error] [idleberg.icon-fonts]: Unknown language in `contributes.icon-fonts.language`. Provided value: blade
2022-12-06 22:58:35.163 [error] [idleberg.icon-fonts]: Unknown language in `contributes.icon-fonts.language`. Provided value: blade
2022-12-06 22:58:35.163 [error] [idleberg.icon-fonts]: Unknown language in `contributes.icon-fonts.language`. Provided value: blade
2022-12-06 22:58:35.163 [error] [idleberg.icon-fonts]: Unknown language in `contributes.icon-fonts.language`. Provided value: blade
2022-12-06 22:58:35.163 [error] [idleberg.icon-fonts]: Unknown language in `contributes.icon-fonts.language`. Provided value: blade
2022-12-06 22:58:35.163 [error] [idleberg.icon-fonts]: Unknown language in `contributes.icon-fonts.language`. Provided value: blade
2022-12-06 22:58:35.164 [error] [idleberg.icon-fonts]: Unknown language in `contributes.icon-fonts.language`. Provided value: blade
2022-12-06 22:58:35.164 [error] [idleberg.icon-fonts]: Unknown language in `contributes.icon-fonts.language`. Provided value: blade
2022-12-06 22:58:35.164 [error] [idleberg.icon-fonts]: Unknown language in `contributes.icon-fonts.language`. Provided value: blade
2022-12-06 22:58:35.164 [error] [idleberg.icon-fonts]: Unknown language in `contributes.icon-fonts.language`. Provided value: blade
2022-12-06 22:58:35.164 [error] [idleberg.icon-fonts]: Unknown language in `contributes.icon-fonts.language`. Provided value: vue-html
2022-12-06 22:58:35.165 [error] [idleberg.icon-fonts]: Unknown language in `contributes.icon-fonts.language`. Provided value: vue-html
2022-12-06 22:58:35.165 [error] [idleberg.icon-fonts]: Unknown language in `contributes.icon-fonts.language`. Provided value: vue-html
2022-12-06 22:58:35.165 [error] [idleberg.icon-fonts]: Unknown language in `contributes.icon-fonts.language`. Provided value: vue-html
2022-12-06 22:58:35.165 [error] [idleberg.icon-fonts]: Unknown language in `contributes.icon-fonts.language`. Provided value: vue-html
2022-12-06 22:58:35.165 [error] [idleberg.icon-fonts]: Unknown language in `contributes.icon-fonts.language`. Provided value: vue-html
2022-12-06 22:58:35.165 [error] [idleberg.icon-fonts]: Unknown language in `contributes.icon-fonts.language`. Provided value: vue-html
2022-12-06 22:58:35.166 [error] [idleberg.icon-fonts]: Unknown language in `contributes.icon-fonts.language`. Provided value: vue-html
2022-12-06 22:58:35.166 [error] [idleberg.icon-fonts]: Unknown language in `contributes.icon-fonts.language`. Provided value: vue-html
2022-12-06 22:58:35.166 [error] [idleberg.icon-fonts]: Unknown language in `contributes.icon-fonts.language`. Provided value: vue-html
2022-12-06 22:58:35.166 [error] [idleberg.icon-fonts]: Unknown language in `contributes.icon-fonts.language`. Provided value: vue-html
2022-12-06 22:58:35.166 [error] [idleberg.icon-fonts]: Unknown language in `contributes.icon-fonts.language`. Provided value: vue-html
2022-12-06 22:58:35.167 [error] [idleberg.icon-fonts]: Unknown language in `contributes.icon-fonts.language`. Provided value: vue-html
2022-12-06 22:58:35.167 [error] [idleberg.icon-fonts]: Unknown language in `contributes.icon-fonts.language`. Provided value: vue-html
2022-12-06 22:58:35.167 [error] [idleberg.icon-fonts]: Unknown language in `contributes.icon-fonts.language`. Provided value: vue-html
2022-12-06 22:58:35.167 [error] [idleberg.icon-fonts]: Unknown language in `contributes.icon-fonts.language`. Provided value: vue-html
2022-12-06 22:58:35.167 [error] [idleberg.icon-fonts]: Unknown language in `contributes.icon-fonts.language`. Provided value: vue-html
2022-12-06 22:58:35.167 [error] [idleberg.icon-fonts]: Unknown language in `contributes.icon-fonts.language`. Provided value: vue-html
2022-12-06 22:58:35.168 [error] [idleberg.icon-fonts]: Unknown language in `contributes.icon-fonts.language`. Provided value: vue-html
2022-12-06 22:58:35.168 [error] [idleberg.icon-fonts]: Unknown language in `contributes.icon-fonts.language`. Provided value: vue-html
2022-12-06 22:58:35.168 [error] [idleberg.icon-fonts]: Unknown language in `contributes.icon-fonts.language`. Provided value: vue-html
2022-12-06 22:58:35.168 [error] [idleberg.icon-fonts]: Unknown language in `contributes.icon-fonts.language`. Provided value: vue-html
2022-12-06 22:58:35.168 [error] [idleberg.icon-fonts]: Unknown language in `contributes.icon-fonts.language`. Provided value: vue-html
2022-12-06 22:58:35.168 [error] [idleberg.icon-fonts]: Unknown language in `contributes.icon-fonts.language`. Provided value: vue-html
2022-12-06 22:58:35.168 [error] [idleberg.icon-fonts]: Unknown language in `contributes.icon-fonts.language`. Provided value: vue-html
2022-12-06 22:58:35.169 [error] [idleberg.icon-fonts]: Unknown language in `contributes.icon-fonts.language`. Provided value: vue-html
2022-12-06 22:58:35.169 [error] [idleberg.icon-fonts]: Unknown language in `contributes.icon-fonts.language`. Provided value: vue-html
2022-12-06 22:58:35.169 [error] [idleberg.icon-fonts]: Unknown language in `contributes.icon-fonts.language`. Provided value: svelte
2022-12-06 22:58:35.169 [error] [idleberg.icon-fonts]: Unknown language in `contributes.icon-fonts.language`. Provided value: svelte
2022-12-06 22:58:35.169 [error] [idleberg.icon-fonts]: Unknown language in `contributes.icon-fonts.language`. Provided value: svelte
2022-12-06 22:58:35.169 [error] [idleberg.icon-fonts]: Unknown language in `contributes.icon-fonts.language`. Provided value: svelte
2022-12-06 22:58:35.170 [error] [idleberg.icon-fonts]: Unknown language in `contributes.icon-fonts.language`. Provided value: svelte
2022-12-06 22:58:35.170 [error] [idleberg.icon-fonts]: Unknown language in `contributes.icon-fonts.language`. Provided value: svelte
2022-12-06 22:58:35.170 [error] [idleberg.icon-fonts]: Unknown language in `contributes.icon-fonts.language`. Provided value: svelte
2022-12-06 22:58:35.170 [error] [idleberg.icon-fonts]: Unknown language in `contributes.icon-fonts.language`. Provided value: svelte
2022-12-06 22:58:35.170 [error] [idleberg.icon-fonts]: Unknown language in `contributes.icon-fonts.language`. Provided value: svelte
2022-12-06 22:58:35.171 [error] [idleberg.icon-fonts]: Unknown language in `contributes.icon-fonts.language`. Provided value: svelte
2022-12-06 22:58:35.171 [error] [idleberg.icon-fonts]: Unknown language in `contributes.icon-fonts.language`. Provided value: svelte
2022-12-06 22:58:35.171 [error] [idleberg.icon-fonts]: Unknown language in `contributes.icon-fonts.language`. Provided value: svelte
2022-12-06 22:58:35.171 [error] [idleberg.icon-fonts]: Unknown language in `contributes.icon-fonts.language`. Provided value: svelte
2022-12-06 22:58:35.171 [error] [idleberg.icon-fonts]: Unknown language in `contributes.icon-fonts.language`. Provided value: svelte
2022-12-06 22:58:35.171 [error] [idleberg.icon-fonts]: Unknown language in `contributes.icon-fonts.language`. Provided value: svelte
2022-12-06 22:58:35.171 [error] [idleberg.icon-fonts]: Unknown language in `contributes.icon-fonts.language`. Provided value: svelte
2022-12-06 22:58:35.172 [error] [idleberg.icon-fonts]: Unknown language in `contributes.icon-fonts.language`. Provided value: svelte
2022-12-06 22:58:35.172 [error] [idleberg.icon-fonts]: Unknown language in `contributes.icon-fonts.language`. Provided value: svelte
2022-12-06 22:58:35.172 [error] [idleberg.icon-fonts]: Unknown language in `contributes.icon-fonts.language`. Provided value: svelte
2022-12-06 22:58:35.172 [error] [idleberg.icon-fonts]: Unknown language in `contributes.icon-fonts.language`. Provided value: svelte
2022-12-06 22:58:35.172 [error] [idleberg.icon-fonts]: Unknown language in `contributes.icon-fonts.language`. Provided value: svelte
2022-12-06 22:58:35.172 [error] [idleberg.icon-fonts]: Unknown language in `contributes.icon-fonts.language`. Provided value: svelte
2022-12-06 22:58:35.173 [error] [idleberg.icon-fonts]: Unknown language in `contributes.icon-fonts.language`. Provided value: svelte
2022-12-06 22:58:35.173 [error] [idleberg.icon-fonts]: Unknown language in `contributes.icon-fonts.language`. Provided value: svelte
2022-12-06 22:58:35.173 [error] [idleberg.icon-fonts]: Unknown language in `contributes.icon-fonts.language`. Provided value: svelte
2022-12-06 22:58:35.173 [error] [idleberg.icon-fonts]: Unknown language in `contributes.icon-fonts.language`. Provided value: svelte
2022-12-06 22:58:35.173 [error] [idleberg.icon-fonts]: Unknown language in `contributes.icon-fonts.language`. Provided value: svelte
2022-12-06 22:58:35.527 [error] RequestService#request (browser) - error https://open-vsx.org/vscode/gallery/extensionquery {}
2022-12-06 22:58:35.914 [error] [Extension Host] (node:5358) [PINODEP007] PinoWarning: bindings.level is deprecated, use options.level option instead
(Use `electron --trace-warnings ...` to show where the warning was created)
2022-12-06 22:58:37.618 [info] [perf] Render performance baseline is 21ms
2022-12-06 22:58:39.487 [error] getaddrinfo EAI_AGAIN api.segment.io: Error: getaddrinfo EAI_AGAIN api.segment.io
	at GetAddrInfoReqWrap.onlookup [as oncomplete] (node:dns:71:26)
2022-12-06 22:58:44.782 [error] Error while registering log channel file:///home/nik/.config/Code%20-%20OSS/logs/20221206T225833/userDataSync.log Timed out while waiting for file to be created
2022-12-06 22:58:49.525 [error] getaddrinfo EAI_AGAIN api.segment.io: Error: getaddrinfo EAI_AGAIN api.segment.io
	at GetAddrInfoReqWrap.onlookup [as oncomplete] (node:dns:71:26)
2022-12-06 23:44:51.082 [info] UNRESPONSIVE extension host: starting to profile NOW
2022-12-06 23:46:51.024 [info] UNRESPONSIVE extension host: starting to profile NOW
2022-12-06 23:48:51.023 [info] UNRESPONSIVE extension host: starting to profile NOW
2022-12-06 23:50:51.040 [info] UNRESPONSIVE extension host: starting to profile NOW
2022-12-06 23:52:51.037 [info] UNRESPONSIVE extension host: starting to profile NOW
2022-12-06 23:54:51.031 [info] UNRESPONSIVE extension host: starting to profile NOW
2022-12-06 23:56:51.027 [info] UNRESPONSIVE extension host: starting to profile NOW
2022-12-06 23:58:51.029 [info] UNRESPONSIVE extension host: starting to profile NOW
2022-12-07 00:00:51.019 [info] UNRESPONSIVE extension host: starting to profile NOW
2022-12-07 00:02:51.016 [info] UNRESPONSIVE extension host: starting to profile NOW
2022-12-07 00:04:51.029 [info] UNRESPONSIVE extension host: starting to profile NOW
2022-12-07 00:06:51.029 [info] UNRESPONSIVE extension host: starting to profile NOW
2022-12-07 00:08:51.020 [info] UNRESPONSIVE extension host: starting to profile NOW
2022-12-07 00:10:51.033 [info] UNRESPONSIVE extension host: starting to profile NOW
2022-12-07 00:12:51.024 [info] UNRESPONSIVE extension host: starting to profile NOW
2022-12-07 00:14:51.037 [info] UNRESPONSIVE extension host: starting to profile NOW
2022-12-07 00:16:51.028 [info] UNRESPONSIVE extension host: starting to profile NOW
2022-12-07 00:18:51.023 [info] UNRESPONSIVE extension host: starting to profile NOW
2022-12-07 00:20:51.043 [info] UNRESPONSIVE extension host: starting to profile NOW
2022-12-07 00:22:51.039 [info] UNRESPONSIVE extension host: starting to profile NOW
2022-12-07 00:24:51.032 [info] UNRESPONSIVE extension host: starting to profile NOW
2022-12-07 00:26:51.031 [info] UNRESPONSIVE extension host: starting to profile NOW
2022-12-07 00:28:51.037 [info] UNRESPONSIVE extension host: starting to profile NOW
2022-12-07 00:30:51.041 [info] UNRESPONSIVE extension host: starting to profile NOW
2022-12-07 00:32:51.043 [info] UNRESPONSIVE extension host: starting to profile NOW
2022-12-07 00:34:51.042 [info] UNRESPONSIVE extension host: starting to profile NOW
2022-12-07 00:36:51.045 [info] UNRESPONSIVE extension host: starting to profile NOW
2022-12-07 00:38:51.038 [info] UNRESPONSIVE extension host: starting to profile NOW
2022-12-07 00:40:51.051 [info] UNRESPONSIVE extension host: starting to profile NOW
2022-12-07 00:42:51.058 [info] UNRESPONSIVE extension host: starting to profile NOW
2022-12-07 00:44:51.044 [info] UNRESPONSIVE extension host: starting to profile NOW
2022-12-07 00:46:51.136 [info] UNRESPONSIVE extension host: starting to profile NOW
2022-12-07 00:48:51.067 [info] UNRESPONSIVE extension host: starting to profile NOW
2022-12-07 00:50:51.048 [info] UNRESPONSIVE extension host: starting to profile NOW
2022-12-07 00:52:51.128 [info] UNRESPONSIVE extension host: starting to profile NOW
2022-12-07 00:54:51.051 [info] UNRESPONSIVE extension host: starting to profile NOW
2022-12-07 00:56:51.063 [info] UNRESPONSIVE extension host: starting to profile NOW
2022-12-07 00:58:51.176 [info] UNRESPONSIVE extension host: starting to profile NOW
2022-12-07 01:00:51.092 [info] UNRESPONSIVE extension host: starting to profile NOW
2022-12-07 01:02:51.072 [info] UNRESPONSIVE extension host: starting to profile NOW
2022-12-07 01:04:51.008 [info] UNRESPONSIVE extension host: starting to profile NOW
2022-12-07 01:06:51.109 [info] UNRESPONSIVE extension host: starting to profile NOW
2022-12-07 01:08:51.011 [info] UNRESPONSIVE extension host: starting to profile NOW
2022-12-07 01:10:51.012 [info] UNRESPONSIVE extension host: starting to profile NOW
2022-12-07 01:12:51.122 [info] UNRESPONSIVE extension host: starting to profile NOW
2022-12-07 01:14:51.104 [info] UNRESPONSIVE extension host: starting to profile NOW
2022-12-07 01:16:51.037 [info] UNRESPONSIVE extension host: starting to profile NOW
2022-12-07 01:18:51.020 [info] UNRESPONSIVE extension host: starting to profile NOW
2022-12-07 01:20:51.117 [info] UNRESPONSIVE extension host: starting to profile NOW
2022-12-07 01:22:51.014 [info] UNRESPONSIVE extension host: starting to profile NOW
2022-12-07 01:24:51.034 [info] UNRESPONSIVE extension host: starting to profile NOW
2022-12-07 01:26:51.018 [info] UNRESPONSIVE extension host: starting to profile NOW
2022-12-07 01:28:51.123 [info] UNRESPONSIVE extension host: starting to profile NOW
2022-12-07 01:30:50.006 [info] UNRESPONSIVE extension host: starting to profile NOW
2022-12-07 01:32:51.012 [info] UNRESPONSIVE extension host: starting to profile NOW
2022-12-07 01:34:51.000 [info] UNRESPONSIVE extension host: starting to profile NOW
2022-12-07 01:36:51.011 [info] UNRESPONSIVE extension host: starting to profile NOW
2022-12-07 01:38:50.999 [info] UNRESPONSIVE extension host: starting to profile NOW
2022-12-07 01:40:51.000 [info] UNRESPONSIVE extension host: starting to profile NOW
2022-12-07 01:42:50.991 [info] UNRESPONSIVE extension host: starting to profile NOW
2022-12-07 01:44:50.999 [info] UNRESPONSIVE extension host: starting to profile NOW
2022-12-07 01:46:51.002 [info] UNRESPONSIVE extension host: starting to profile NOW
2022-12-07 01:48:51.007 [info] UNRESPONSIVE extension host: starting to profile NOW
2022-12-07 01:50:51.000 [info] UNRESPONSIVE extension host: starting to profile NOW
2022-12-07 01:52:51.010 [info] UNRESPONSIVE extension host: starting to profile NOW
2022-12-07 01:54:50.988 [info] UNRESPONSIVE extension host: starting to profile NOW
2022-12-07 01:56:51.003 [info] UNRESPONSIVE extension host: starting to profile NOW
2022-12-07 01:58:51.007 [info] UNRESPONSIVE extension host: starting to profile NOW
2022-12-07 02:00:51.002 [info] UNRESPONSIVE extension host: starting to profile NOW
2022-12-07 02:02:51.000 [info] UNRESPONSIVE extension host: starting to profile NOW
2022-12-07 02:04:51.012 [info] UNRESPONSIVE extension host: starting to profile NOW
2022-12-07 02:06:51.003 [info] UNRESPONSIVE extension host: starting to profile NOW
2022-12-07 02:08:51.012 [info] UNRESPONSIVE extension host: starting to profile NOW
2022-12-07 02:10:50.991 [info] UNRESPONSIVE extension host: starting to profile NOW
2022-12-07 02:12:50.993 [info] UNRESPONSIVE extension host: starting to profile NOW
2022-12-07 02:14:51.000 [info] UNRESPONSIVE extension host: starting to profile NOW
2022-12-07 02:16:51.019 [info] UNRESPONSIVE extension host: starting to profile NOW
2022-12-07 02:18:51.015 [info] UNRESPONSIVE extension host: starting to profile NOW
2022-12-07 02:20:51.039 [info] UNRESPONSIVE extension host: starting to profile NOW
2022-12-07 02:22:51.051 [info] UNRESPONSIVE extension host: starting to profile NOW
2022-12-07 02:24:51.188 [info] UNRESPONSIVE extension host: starting to profile NOW
2022-12-07 02:26:51.106 [info] UNRESPONSIVE extension host: starting to profile NOW
2022-12-07 02:28:51.171 [info] UNRESPONSIVE extension host: starting to profile NOW
2022-12-07 02:30:51.672 [info] UNRESPONSIVE extension host: starting to profile NOW
2022-12-07 02:32:51.118 [info] UNRESPONSIVE extension host: starting to profile NOW
2022-12-07 02:34:51.614 [info] UNRESPONSIVE extension host: starting to profile NOW
2022-12-07 02:36:51.635 [info] UNRESPONSIVE extension host: starting to profile NOW
2022-12-07 02:38:51.015 [info] UNRESPONSIVE extension host: starting to profile NOW
2022-12-07 02:40:51.033 [info] UNRESPONSIVE extension host: starting to profile NOW
2022-12-07 02:42:51.024 [info] UNRESPONSIVE extension host: starting to profile NOW
2022-12-07 02:44:51.032 [info] UNRESPONSIVE extension host: starting to profile NOW
2022-12-07 02:46:51.022 [info] UNRESPONSIVE extension host: starting to profile NOW
2022-12-07 02:48:51.044 [info] UNRESPONSIVE extension host: starting to profile NOW
2022-12-07 02:50:51.031 [info] UNRESPONSIVE extension host: starting to profile NOW
2022-12-07 02:52:51.037 [info] UNRESPONSIVE extension host: starting to profile NOW
2022-12-07 02:54:51.030 [info] UNRESPONSIVE extension host: starting to profile NOW
2022-12-07 02:56:51.036 [info] UNRESPONSIVE extension host: starting to profile NOW
2022-12-07 02:58:51.037 [info] UNRESPONSIVE extension host: starting to profile NOW
2022-12-07 03:00:51.068 [info] UNRESPONSIVE extension host: starting to profile NOW
2022-12-07 03:02:51.034 [info] UNRESPONSIVE extension host: starting to profile NOW
2022-12-07 03:04:51.030 [info] UNRESPONSIVE extension host: starting to profile NOW
2022-12-07 03:06:51.031 [info] UNRESPONSIVE extension host: starting to profile NOW
2022-12-07 03:08:51.033 [info] UNRESPONSIVE extension host: starting to profile NOW
2022-12-07 03:10:51.037 [info] UNRESPONSIVE extension host: starting to profile NOW
2022-12-07 03:12:51.037 [info] UNRESPONSIVE extension host: starting to profile NOW
2022-12-07 03:14:51.031 [info] UNRESPONSIVE extension host: starting to profile NOW
2022-12-07 03:16:51.064 [info] UNRESPONSIVE extension host: starting to profile NOW
2022-12-07 03:18:51.046 [info] UNRESPONSIVE extension host: starting to profile NOW
2022-12-07 03:20:50.987 [info] UNRESPONSIVE extension host: starting to profile NOW
2022-12-07 03:31:51.006 [info] UNRESPONSIVE extension host: starting to profile NOW
2022-12-07 03:33:50.985 [info] UNRESPONSIVE extension host: starting to profile NOW
2022-12-07 04:12:51.006 [info] UNRESPONSIVE extension host: starting to profile NOW
2022-12-07 04:14:51.006 [info] UNRESPONSIVE extension host: starting to profile NOW
2022-12-07 04:16:51.009 [info] UNRESPONSIVE extension host: starting to profile NOW
2022-12-07 04:18:51.006 [info] UNRESPONSIVE extension host: starting to profile NOW
2022-12-07 04:20:51.006 [info] UNRESPONSIVE extension host: starting to profile NOW
2022-12-07 04:22:51.012 [info] UNRESPONSIVE extension host: starting to profile NOW
2022-12-07 04:24:51.003 [info] UNRESPONSIVE extension host: starting to profile NOW
2022-12-07 04:26:50.995 [info] UNRESPONSIVE extension host: starting to profile NOW
2022-12-07 04:28:51.010 [info] UNRESPONSIVE extension host: starting to profile NOW
2022-12-07 04:30:51.004 [info] UNRESPONSIVE extension host: starting to profile NOW
2022-12-07 04:32:51.003 [info] UNRESPONSIVE extension host: starting to profile NOW
2022-12-07 04:34:51.000 [info] UNRESPONSIVE extension host: starting to profile NOW
2022-12-07 04:36:51.004 [info] UNRESPONSIVE extension host: starting to profile NOW
2022-12-07 04:38:50.997 [info] UNRESPONSIVE extension host: starting to profile NOW
2022-12-07 04:40:51.011 [info] UNRESPONSIVE extension host: starting to profile NOW
2022-12-07 04:42:51.016 [info] UNRESPONSIVE extension host: starting to profile NOW
2022-12-07 04:44:51.006 [info] UNRESPONSIVE extension host: starting to profile NOW
2022-12-07 04:46:51.001 [info] UNRESPONSIVE extension host: starting to profile NOW
2022-12-07 04:48:51.013 [info] UNRESPONSIVE extension host: starting to profile NOW
2022-12-07 04:50:51.002 [info] UNRESPONSIVE extension host: starting to profile NOW
2022-12-07 04:52:51.015 [info] UNRESPONSIVE extension host: starting to profile NOW
2022-12-07 04:54:51.011 [info] UNRESPONSIVE extension host: starting to profile NOW
2022-12-07 04:56:51.001 [info] UNRESPONSIVE extension host: starting to profile NOW
2022-12-07 04:58:51.009 [info] UNRESPONSIVE extension host: starting to profile NOW
2022-12-07 05:00:51.012 [info] UNRESPONSIVE extension host: starting to profile NOW
2022-12-07 05:02:51.001 [info] UNRESPONSIVE extension host: starting to profile NOW
2022-12-07 05:04:51.037 [info] UNRESPONSIVE extension host: starting to profile NOW
2022-12-07 05:06:51.031 [info] UNRESPONSIVE extension host: starting to profile NOW
2022-12-07 05:08:51.043 [info] UNRESPONSIVE extension host: starting to profile NOW
2022-12-07 05:10:51.232 [info] UNRESPONSIVE extension host: starting to profile NOW
2022-12-07 05:12:51.025 [info] UNRESPONSIVE extension host: starting to profile NOW
2022-12-07 05:14:51.012 [info] UNRESPONSIVE extension host: starting to profile NOW
2022-12-07 05:16:50.010 [info] UNRESPONSIVE extension host: starting to profile NOW
2022-12-07 05:18:51.022 [info] UNRESPONSIVE extension host: starting to profile NOW
2022-12-07 05:20:51.020 [info] UNRESPONSIVE extension host: starting to profile NOW
2022-12-07 05:22:50.996 [info] UNRESPONSIVE extension host: starting to profile NOW
2022-12-07 05:24:51.016 [info] UNRESPONSIVE extension host: starting to profile NOW
2022-12-07 05:26:51.015 [info] UNRESPONSIVE extension host: starting to profile NOW
2022-12-07 05:28:51.015 [info] UNRESPONSIVE extension host: starting to profile NOW
2022-12-07 05:30:51.010 [info] UNRESPONSIVE extension host: starting to profile NOW
2022-12-07 05:32:51.020 [info] UNRESPONSIVE extension host: starting to profile NOW
2022-12-07 05:34:51.019 [info] UNRESPONSIVE extension host: starting to profile NOW
2022-12-07 05:36:51.006 [info] UNRESPONSIVE extension host: starting to profile NOW
2022-12-07 05:38:51.020 [info] UNRESPONSIVE extension host: starting to profile NOW
2022-12-07 05:40:50.998 [info] UNRESPONSIVE extension host: starting to profile NOW
2022-12-07 05:42:51.004 [info] UNRESPONSIVE extension host: starting to profile NOW
2022-12-07 05:44:51.013 [info] UNRESPONSIVE extension host: starting to profile NOW
2022-12-07 05:46:51.010 [info] UNRESPONSIVE extension host: starting to profile NOW
2022-12-07 05:48:51.034 [info] UNRESPONSIVE extension host: starting to profile NOW
2022-12-07 05:50:51.028 [info] UNRESPONSIVE extension host: starting to profile NOW
2022-12-07 05:52:51.005 [info] UNRESPONSIVE extension host: starting to profile NOW
2022-12-07 05:54:51.009 [info] UNRESPONSIVE extension host: starting to profile NOW
2022-12-07 05:56:51.007 [info] UNRESPONSIVE extension host: starting to profile NOW
2022-12-07 05:58:51.010 [info] UNRESPONSIVE extension host: starting to profile NOW
2022-12-07 06:00:51.012 [info] UNRESPONSIVE extension host: starting to profile NOW
2022-12-07 06:02:51.015 [info] UNRESPONSIVE extension host: starting to profile NOW
2022-12-07 06:04:51.013 [info] UNRESPONSIVE extension host: starting to profile NOW
2022-12-07 06:06:51.012 [info] UNRESPONSIVE extension host: starting to profile NOW
2022-12-07 06:08:51.021 [info] UNRESPONSIVE extension host: starting to profile NOW
2022-12-07 06:10:51.006 [info] UNRESPONSIVE extension host: starting to profile NOW
2022-12-07 06:12:51.017 [info] UNRESPONSIVE extension host: starting to profile NOW
2022-12-07 06:14:51.017 [info] UNRESPONSIVE extension host: starting to profile NOW
2022-12-07 06:16:51.018 [info] UNRESPONSIVE extension host: starting to profile NOW
2022-12-07 06:18:51.011 [info] UNRESPONSIVE extension host: starting to profile NOW
2022-12-07 06:20:51.017 [info] UNRESPONSIVE extension host: starting to profile NOW
2022-12-07 06:22:51.008 [info] UNRESPONSIVE extension host: starting to profile NOW
2022-12-07 06:24:51.014 [info] UNRESPONSIVE extension host: starting to profile NOW
2022-12-07 06:26:51.005 [info] UNRESPONSIVE extension host: starting to profile NOW
2022-12-07 06:28:51.008 [info] UNRESPONSIVE extension host: starting to profile NOW
2022-12-07 06:30:51.002 [info] UNRESPONSIVE extension host: starting to profile NOW
2022-12-07 06:32:50.996 [info] UNRESPONSIVE extension host: starting to profile NOW
2022-12-07 06:34:51.024 [info] UNRESPONSIVE extension host: starting to profile NOW
2022-12-07 06:36:51.019 [info] UNRESPONSIVE extension host: starting to profile NOW
2022-12-07 06:38:51.017 [info] UNRESPONSIVE extension host: starting to profile NOW
2022-12-07 06:40:51.008 [info] UNRESPONSIVE extension host: starting to profile NOW
2022-12-07 06:42:51.008 [info] UNRESPONSIVE extension host: starting to profile NOW
2022-12-07 06:44:51.023 [info] UNRESPONSIVE extension host: starting to profile NOW
2022-12-07 06:46:51.005 [info] UNRESPONSIVE extension host: starting to profile NOW
2022-12-07 06:48:51.012 [info] UNRESPONSIVE extension host: starting to profile NOW
2022-12-07 06:50:51.027 [info] UNRESPONSIVE extension host: starting to profile NOW
2022-12-07 06:52:51.020 [info] UNRESPONSIVE extension host: starting to profile NOW
2022-12-07 06:54:51.005 [info] UNRESPONSIVE extension host: starting to profile NOW
2022-12-07 06:56:50.999 [info] UNRESPONSIVE extension host: starting to profile NOW
2022-12-07 06:58:51.003 [info] UNRESPONSIVE extension host: starting to profile NOW
2022-12-07 07:00:51.004 [info] UNRESPONSIVE extension host: starting to profile NOW
2022-12-07 07:02:50.993 [info] UNRESPONSIVE extension host: starting to profile NOW
2022-12-07 07:04:50.999 [info] UNRESPONSIVE extension host: starting to profile NOW
2022-12-07 07:06:51.002 [info] UNRESPONSIVE extension host: starting to profile NOW
2022-12-07 07:08:51.002 [info] UNRESPONSIVE extension host: starting to profile NOW
2022-12-07 07:10:50.992 [info] UNRESPONSIVE extension host: starting to profile NOW
2022-12-07 07:12:51.000 [info] UNRESPONSIVE extension host: starting to profile NOW
2022-12-07 07:14:51.002 [info] UNRESPONSIVE extension host: starting to profile NOW
2022-12-07 07:16:51.001 [info] UNRESPONSIVE extension host: starting to profile NOW
2022-12-07 07:18:51.008 [info] UNRESPONSIVE extension host: starting to profile NOW
2022-12-07 07:20:51.014 [info] UNRESPONSIVE extension host: starting to profile NOW
2022-12-07 07:22:51.020 [info] UNRESPONSIVE extension host: starting to profile NOW
2022-12-07 07:24:51.013 [info] UNRESPONSIVE extension host: starting to profile NOW
2022-12-07 07:26:51.001 [info] UNRESPONSIVE extension host: starting to profile NOW
2022-12-07 07:28:51.014 [info] UNRESPONSIVE extension host: starting to profile NOW
2022-12-07 07:30:51.008 [info] UNRESPONSIVE extension host: starting to profile NOW
2022-12-07 07:32:51.005 [info] UNRESPONSIVE extension host: starting to profile NOW
2022-12-07 07:34:51.008 [info] UNRESPONSIVE extension host: starting to profile NOW
2022-12-07 07:36:51.008 [info] UNRESPONSIVE extension host: starting to profile NOW
2022-12-07 07:38:51.008 [info] UNRESPONSIVE extension host: starting to profile NOW
2022-12-07 07:40:51.018 [info] UNRESPONSIVE extension host: starting to profile NOW
2022-12-07 07:42:51.013 [info] UNRESPONSIVE extension host: starting to profile NOW
