{"level":30,"time":1669839387490,"pid":13222,"hostname":"anarchy","name":"dendron.server","msg":"83466303689-hjgotouovohj71j7n2mjroe04en9tqnm.apps.googleusercontent.com"}
{"level":30,"time":1669839387490,"pid":13222,"hostname":"anarchy","name":"dendron.server","ctx":"appModule:start","dirPath":"/home/nik/.vscode-oss/extensions/dendron.dendron-0.118.0-universal/dist"}
{"level":30,"time":1669839387500,"pid":13222,"hostname":"anarchy","name":"dendron.server","ctx":"launch","msg":"exit","port":38233,"LOG_DST":"/home/nik/.config/Code - OSS/logs/20221130T121624/window1/exthost/dendron.dendron/dendron.server.log","root":"/home/nik/.vscode-oss/extensions/dendron.dendron-0.118.0-universal/dist"}
{"level":30,"time":1669839387534,"pid":13222,"hostname":"anarchy","name":"dendron.server","ctx":"WorkspaceController:init","msg":"enter","uri":"/home/nik/.config/awesome/notes"}
{"level":30,"time":1669839387545,"pid":13222,"hostname":"anarchy","name":"dendron.server","ctx":"FileStorageV2","wsRoot":"/home/nik/.config/awesome/notes","vaults":[{"fsPath":".","selfContained":true,"name":"notes"}],"level":"info"}
{"level":30,"time":1669839387545,"pid":13222,"hostname":"anarchy","name":"dendron.server","ctx":"createRenderedCache","msg":"Creating rendered preview cache set to hold maximum of '10' items."}
{"level":30,"time":1669839387545,"pid":13222,"hostname":"anarchy","name":"dendron.server","ctx":"Engine:init","msg":"enter"}
{"level":30,"time":1669839387546,"pid":13222,"hostname":"anarchy","name":"dendron.server","ctx":"initSchema","msg":"enter"}
{"level":30,"time":1669839387546,"pid":13222,"hostname":"anarchy","name":"dendron.server","ctx":"initSchema","msg":"enter"}
{"level":30,"time":1669839387549,"pid":13222,"hostname":"anarchy","name":"dendron.server","ctx":"initSchema","schemaFiles":["root.schema.yml"]}
{"level":30,"time":1669839387550,"pid":13222,"hostname":"anarchy","name":"dendron.server","ctx":"parse","msg":"enter","fpaths":["root.schema.yml"],"vault":{"fsPath":".","selfContained":true,"name":"notes"}}
{"level":30,"time":1669839387602,"pid":13222,"hostname":"anarchy","name":"dendron.server","ctx":"initNotes","msg":"enter"}
{"level":30,"time":1669839387602,"pid":13222,"hostname":"anarchy","name":"dendron.server","ctx":"initNotes","msg":"enter"}
{"level":30,"time":1669839387604,"pid":13222,"hostname":"anarchy","name":"dendron.server","ctx":"parseFile","msg":"enter","vault":{"fsPath":".","selfContained":true,"name":"notes"}}
{"level":30,"time":1669839387606,"pid":13222,"hostname":"anarchy","name":"dendron.server","ctx":"parseFile","msg":"post:parseRootNote"}
{"level":30,"time":1669839387606,"pid":13222,"hostname":"anarchy","name":"dendron.server","ctx":"parseFile","msg":"post:parseDomainNotes"}
{"level":30,"time":1669839387606,"pid":13222,"hostname":"anarchy","name":"dendron.server","ctx":"parseFile","msg":"post:parseAllNotes"}
{"level":30,"time":1669839387607,"pid":13222,"hostname":"anarchy","name":"dendron.server","ctx":"parseFile","msg":"post:matchSchemas"}
{"level":30,"time":1669839387607,"pid":13222,"hostname":"anarchy","name":"dendron.server","ctx":"initNotes","msg":"parseNotes:fin"}
{"level":30,"time":1669839387607,"pid":13222,"hostname":"anarchy","name":"dendron.server","ctx":"initNotes","vault":{"fsPath":".","selfContained":true,"name":"notes"},"numEntries":2,"numCacheUpdates":0}
{"level":30,"time":1669839387607,"pid":13222,"hostname":"anarchy","name":"dendron.server","ctx":"_addBacklinks:ext","duration":0}
{"level":30,"time":1669839387607,"pid":13222,"hostname":"anarchy","name":"dendron.server","ctx":"initNotes","msg":"time to init notes: \"5\" ms"}
{"level":30,"time":1669839387607,"pid":13222,"hostname":"anarchy","name":"dendron.server","ctx":"FileStorage:init","msg":"post:initNotes","errors":[]}
{"level":30,"time":1669839387607,"pid":13222,"hostname":"anarchy","name":"dendron.server","ctx":"FileStorage:init","msg":"exit"}
{"level":30,"time":1669839387608,"pid":13222,"hostname":"anarchy","name":"dendron.server","ctx":"Engine:init","msg":"updated index"}
{"level":30,"time":1669839387608,"pid":13222,"hostname":"anarchy","name":"dendron.server","ctx":"Engine:init","msg":"initialize hooks"}
{"level":30,"time":1669839387608,"pid":13222,"hostname":"anarchy","name":"dendron.server","ctx":"init:ext","hookErrors":[]}
{"level":30,"time":1669839387609,"pid":13222,"hostname":"anarchy","name":"dendron.server","ctx":"WorkspaceController:init","msg":"finish init","duration":74,"uri":"/home/nik/.config/awesome/notes"}
POST /api/workspace/initialize? 200 77.249 ms - 4485 - 114
POST /api/note/findMeta? 200 1.949 ms - 1901 - 60
{"level":30,"time":1669839387655,"pid":13222,"hostname":"anarchy","name":"dendron.server","ctx":"querySchema","msg":"exit"}
POST /api/schema/query? 200 1.149 ms - 450 - 49
POST /api/note/find? 200 1.252 ms - 811 - 135
POST /api/note/find? 200 0.759 ms - 811 - 135
POST /api/note/find? 200 0.470 ms - 811 - 135
POST /api/note/find? 200 0.472 ms - 811 - 135
POST /api/note/decorations? 200 21.839 ms - 287 - 1263
POST /api/note/find? 200 0.583 ms - 811 - 135
POST /api/note/find? 200 0.555 ms - 811 - 135
POST /api/note/find? 200 0.452 ms - 811 - 135
POST /api/note/find? 200 0.574 ms - 811 - 135
{"level":30,"time":1669839457532,"pid":13222,"hostname":"anarchy","name":"dendron.server","ctx":"DendronEngineV2:renderNote","id":"wvq41v75wwj7nbpx4b3bc0q","msg":"Did not find usable cached rendered preview. Starting to render."}
{"level":30,"time":1669839457555,"pid":13222,"hostname":"anarchy","name":"dendron.server","ctx":"DendronEngineV2:renderNote","id":"wvq41v75wwj7nbpx4b3bc0q","duration":23,"msg":"Render preview finished."}
POST /api/note/render? 200 23.186 ms - 606 - 883
