2022-11-30 12:16:25.820 [info] Extension host with pid 13067 started
2022-11-30 12:16:25.820 [info] Skipping acquiring lock for /home/nik/.config/Code - OSS/User/workspaceStorage/7b933d9bb2e0e9b2553c8ae9093ed301.
2022-11-30 12:16:25.871 [info] ExtensionService#_doActivateExtension Koihik.vscode-lua-format, startup: false, activationEvent: 'onLanguage:lua'
2022-11-30 12:16:25.871 [info] ExtensionService#_doActivateExtension Nightrains.robloxlsp, startup: false, activationEvent: 'onLanguage:lua'
2022-11-30 12:16:25.871 [info] ExtensionService#_doActivateExtension sumneko.lua, startup: false, activationEvent: 'onLanguage:lua'
2022-11-30 12:16:25.871 [info] ExtensionService#_doActivateExtension vscode.git-base, startup: true, activationEvent: '*', root cause: vscode.git
2022-11-30 12:16:25.871 [info] ExtensionService#_doActivateExtension bierner.color-info, startup: true, activationEvent: '*'
2022-11-30 12:16:25.872 [info] ExtensionService#_doActivateExtension dendron.dendron, startup: true, activationEvent: '*'
2022-11-30 12:16:25.872 [info] ExtensionService#_doActivateExtension dendron.dendron-markdown-shortcuts, startup: true, activationEvent: '*'
2022-11-30 12:16:25.872 [info] ExtensionService#_doActivateExtension dendron.dendron-snippet-maker, startup: true, activationEvent: '*'
2022-11-30 12:16:25.872 [info] ExtensionService#_doActivateExtension dlasagno.wal-theme, startup: true, activationEvent: '*'
2022-11-30 12:16:25.872 [info] ExtensionService#_doActivateExtension iocave.monkey-patch, startup: true, activationEvent: '*', root cause: iocave.customize-ui
2022-11-30 12:16:25.872 [info] ExtensionService#_doActivateExtension Janne252.fontawesome-autocomplete, startup: true, activationEvent: '*'
2022-11-30 12:16:25.872 [info] ExtensionService#_doActivateExtension kamikillerto.vscode-colorize, startup: true, activationEvent: '*'
2022-11-30 12:16:25.872 [info] ExtensionService#_doActivateExtension naumovs.color-highlight, startup: true, activationEvent: '*'
2022-11-30 12:16:26.656 [error] Activating extension sumneko.lua failed due to an error:
2022-11-30 12:16:26.656 [error] Error: command 'lua.config' already exists
	at s.registerCommand (/usr/lib/code/out/vs/workbench/api/node/extensionHostProcess.js:92:109710)
	at Object.registerCommand (/usr/lib/code/out/vs/workbench/api/node/extensionHostProcess.js:113:32839)
	at registerCustomCommands (/home/nik/.vscode-oss/extensions/sumneko.lua-2.5.3-universal/client/out/languageserver.js:22:50)
	at Object.activate (/home/nik/.vscode-oss/extensions/sumneko.lua-2.5.3-universal/client/out/languageserver.js:261:5)
	at activate (/home/nik/.vscode-oss/extensions/sumneko.lua-2.5.3-universal/client/out/extension.js:7:20)
	at On._callActivateOptional (/usr/lib/code/out/vs/workbench/api/node/extensionHostProcess.js:104:17678)
	at On._callActivate (/usr/lib/code/out/vs/workbench/api/node/extensionHostProcess.js:104:17338)
	at /usr/lib/code/out/vs/workbench/api/node/extensionHostProcess.js:104:15133
	at process.processTicksAndRejections (node:internal/process/task_queues:96:5)
	at async w._activate (/usr/lib/code/out/vs/workbench/api/node/extensionHostProcess.js:90:8304)
	at async w._waitForDepsThenActivate (/usr/lib/code/out/vs/workbench/api/node/extensionHostProcess.js:90:8246)
	at async w._initialize (/usr/lib/code/out/vs/workbench/api/node/extensionHostProcess.js:90:7610)
2022-11-30 12:16:26.678 [info] ExtensionService#_doActivateExtension vscode.git, startup: true, activationEvent: '*'
2022-11-30 12:16:26.678 [info] ExtensionService#_doActivateExtension vscode.github, startup: true, activationEvent: '*'
2022-11-30 12:16:26.678 [info] ExtensionService#_doActivateExtension iocave.customize-ui, startup: true, activationEvent: '*'
2022-11-30 12:16:26.742 [info] Eager extensions activated
2022-11-30 12:16:26.756 [info] ExtensionService#_doActivateExtension vscode.debug-auto-launch, startup: false, activationEvent: 'onStartupFinished'
2022-11-30 12:16:26.756 [info] ExtensionService#_doActivateExtension vscode.emmet, startup: false, activationEvent: 'onStartupFinished'
2022-11-30 12:16:26.756 [info] ExtensionService#_doActivateExtension vscode.merge-conflict, startup: false, activationEvent: 'onStartupFinished'
2022-11-30 12:16:26.756 [info] ExtensionService#_doActivateExtension activecove.marquee, startup: false, activationEvent: 'onStartupFinished'
2022-11-30 12:16:26.756 [info] ExtensionService#_doActivateExtension MatthewNespor.vscode-color-identifiers-mode, startup: false, activationEvent: 'onStartupFinished'
2022-11-30 12:16:26.756 [info] ExtensionService#_doActivateExtension Sudhan.neondark-theme, startup: false, activationEvent: 'onStartupFinished'
2022-11-30 12:16:26.756 [info] ExtensionService#_doActivateExtension virgilsisoe.hammerspoon, startup: false, activationEvent: 'onStartupFinished'
2022-11-30 12:16:26.787 [error] Activating extension virgilsisoe.hammerspoon failed due to an error:
2022-11-30 12:16:26.787 [error] Error: ENOENT: no such file or directory, open '/Applications/Hammerspoon.app/Contents/Resources/docs.json'
	at Object.openSync (node:fs:585:3)
	at Object.func [as openSync] (node:electron/js2c/asar_bundle:5:1812)
	at readFileSync (node:fs:453:35)
	at e.readFileSync (node:electron/js2c/asar_bundle:5:9160)
	at Object.<anonymous> (/home/nik/.vscode-oss/extensions/virgilsisoe.hammerspoon-0.4.0-universal/out/generate_hs_docs.js:7:48)
	at u._compile (/usr/lib/code/out/vs/loader.js:4:1313)
	at Module._extensions..js (node:internal/modules/cjs/loader:1173:10)
	at Module.load (node:internal/modules/cjs/loader:988:32)
	at Module._load (node:internal/modules/cjs/loader:829:12)
	at c._load (node:electron/js2c/asar_bundle:5:13343)
	at a._load (/usr/lib/code/out/vs/workbench/api/node/extensionHostProcess.js:118:14563)
	at v._load (/usr/lib/code/out/vs/workbench/api/node/extensionHostProcess.js:113:64900)
	at w._load (/usr/lib/code/out/vs/workbench/api/node/extensionHostProcess.js:113:64268)
	at Module.require (node:internal/modules/cjs/loader:1012:19)
	at p (/usr/lib/code/out/vs/loader.js:4:699)
	at Object.<anonymous> (/home/nik/.vscode-oss/extensions/virgilsisoe.hammerspoon-0.4.0-universal/out/extension.js:13:28)
	at u._compile (/usr/lib/code/out/vs/loader.js:4:1313)
	at Module._extensions..js (node:internal/modules/cjs/loader:1173:10)
	at Module.load (node:internal/modules/cjs/loader:988:32)
	at Module._load (node:internal/modules/cjs/loader:829:12)
	at c._load (node:electron/js2c/asar_bundle:5:13343)
	at a._load (/usr/lib/code/out/vs/workbench/api/node/extensionHostProcess.js:118:14563)
	at v._load (/usr/lib/code/out/vs/workbench/api/node/extensionHostProcess.js:113:64900)
	at w._load (/usr/lib/code/out/vs/workbench/api/node/extensionHostProcess.js:113:64268)
	at Module.require (node:internal/modules/cjs/loader:1012:19)
	at require (node:internal/modules/cjs/helpers:102:18)
	at Function.r [as __$__nodeRequire] (/usr/lib/code/out/vs/loader.js:5:101)
	at h._loadCommonJSModule (/usr/lib/code/out/vs/workbench/api/node/extensionHostProcess.js:113:66459)
	at process.processTicksAndRejections (node:internal/process/task_queues:96:5)
	at async Promise.all (index 0)
2022-11-30 12:17:36.866 [info] ExtensionService#_doActivateExtension vscode.extension-editing, startup: false, activationEvent: 'onLanguage:markdown'
2022-11-30 12:17:36.866 [info] ExtensionService#_doActivateExtension vscode.markdown-language-features, startup: false, activationEvent: 'onLanguage:markdown'
2022-11-30 12:17:37.264 [info] ExtensionService#_doActivateExtension vscode.markdown-math, startup: false, activationEvent: 'api', root cause: vscode.markdown-language-features
