2022-11-30 12:16:25.591 [warning] [redhat.vscode-yaml]: Cannot register 'redhat.telemetry.enabled'. This property is already registered.
2022-11-30 12:16:25.819 [error] [idleberg.icon-fonts]: Unknown language in `contributes.icon-fonts.language`. Provided value: blade
2022-11-30 12:16:25.819 [error] [idleberg.icon-fonts]: Unknown language in `contributes.icon-fonts.language`. Provided value: blade
2022-11-30 12:16:25.820 [error] [idleberg.icon-fonts]: Unknown language in `contributes.icon-fonts.language`. Provided value: blade
2022-11-30 12:16:25.820 [error] [idleberg.icon-fonts]: Unknown language in `contributes.icon-fonts.language`. Provided value: blade
2022-11-30 12:16:25.820 [error] [idleberg.icon-fonts]: Unknown language in `contributes.icon-fonts.language`. Provided value: blade
2022-11-30 12:16:25.820 [error] [idleberg.icon-fonts]: Unknown language in `contributes.icon-fonts.language`. Provided value: blade
2022-11-30 12:16:25.820 [error] [idleberg.icon-fonts]: Unknown language in `contributes.icon-fonts.language`. Provided value: blade
2022-11-30 12:16:25.820 [error] [idleberg.icon-fonts]: Unknown language in `contributes.icon-fonts.language`. Provided value: blade
2022-11-30 12:16:25.820 [error] [idleberg.icon-fonts]: Unknown language in `contributes.icon-fonts.language`. Provided value: blade
2022-11-30 12:16:25.820 [error] [idleberg.icon-fonts]: Unknown language in `contributes.icon-fonts.language`. Provided value: blade
2022-11-30 12:16:25.821 [error] [idleberg.icon-fonts]: Unknown language in `contributes.icon-fonts.language`. Provided value: blade
2022-11-30 12:16:25.821 [error] [idleberg.icon-fonts]: Unknown language in `contributes.icon-fonts.language`. Provided value: blade
2022-11-30 12:16:25.821 [error] [idleberg.icon-fonts]: Unknown language in `contributes.icon-fonts.language`. Provided value: blade
2022-11-30 12:16:25.821 [error] [idleberg.icon-fonts]: Unknown language in `contributes.icon-fonts.language`. Provided value: blade
2022-11-30 12:16:25.821 [error] [idleberg.icon-fonts]: Unknown language in `contributes.icon-fonts.language`. Provided value: blade
2022-11-30 12:16:25.821 [error] [idleberg.icon-fonts]: Unknown language in `contributes.icon-fonts.language`. Provided value: blade
2022-11-30 12:16:25.821 [error] [idleberg.icon-fonts]: Unknown language in `contributes.icon-fonts.language`. Provided value: blade
2022-11-30 12:16:25.821 [error] [idleberg.icon-fonts]: Unknown language in `contributes.icon-fonts.language`. Provided value: blade
2022-11-30 12:16:25.822 [error] [idleberg.icon-fonts]: Unknown language in `contributes.icon-fonts.language`. Provided value: blade
2022-11-30 12:16:25.822 [error] [idleberg.icon-fonts]: Unknown language in `contributes.icon-fonts.language`. Provided value: blade
2022-11-30 12:16:25.822 [error] [idleberg.icon-fonts]: Unknown language in `contributes.icon-fonts.language`. Provided value: blade
2022-11-30 12:16:25.822 [error] [idleberg.icon-fonts]: Unknown language in `contributes.icon-fonts.language`. Provided value: blade
2022-11-30 12:16:25.822 [error] [idleberg.icon-fonts]: Unknown language in `contributes.icon-fonts.language`. Provided value: blade
2022-11-30 12:16:25.822 [error] [idleberg.icon-fonts]: Unknown language in `contributes.icon-fonts.language`. Provided value: blade
2022-11-30 12:16:25.823 [error] [idleberg.icon-fonts]: Unknown language in `contributes.icon-fonts.language`. Provided value: blade
2022-11-30 12:16:25.823 [error] [idleberg.icon-fonts]: Unknown language in `contributes.icon-fonts.language`. Provided value: blade
2022-11-30 12:16:25.823 [error] [idleberg.icon-fonts]: Unknown language in `contributes.icon-fonts.language`. Provided value: blade
2022-11-30 12:16:25.823 [error] [idleberg.icon-fonts]: Unknown language in `contributes.icon-fonts.language`. Provided value: vue-html
2022-11-30 12:16:25.823 [error] [idleberg.icon-fonts]: Unknown language in `contributes.icon-fonts.language`. Provided value: vue-html
2022-11-30 12:16:25.823 [error] [idleberg.icon-fonts]: Unknown language in `contributes.icon-fonts.language`. Provided value: vue-html
2022-11-30 12:16:25.824 [error] [idleberg.icon-fonts]: Unknown language in `contributes.icon-fonts.language`. Provided value: vue-html
2022-11-30 12:16:25.824 [error] [idleberg.icon-fonts]: Unknown language in `contributes.icon-fonts.language`. Provided value: vue-html
2022-11-30 12:16:25.824 [error] [idleberg.icon-fonts]: Unknown language in `contributes.icon-fonts.language`. Provided value: vue-html
2022-11-30 12:16:25.824 [error] [idleberg.icon-fonts]: Unknown language in `contributes.icon-fonts.language`. Provided value: vue-html
2022-11-30 12:16:25.824 [error] [idleberg.icon-fonts]: Unknown language in `contributes.icon-fonts.language`. Provided value: vue-html
2022-11-30 12:16:25.824 [error] [idleberg.icon-fonts]: Unknown language in `contributes.icon-fonts.language`. Provided value: vue-html
2022-11-30 12:16:25.825 [error] [idleberg.icon-fonts]: Unknown language in `contributes.icon-fonts.language`. Provided value: vue-html
2022-11-30 12:16:25.825 [error] [idleberg.icon-fonts]: Unknown language in `contributes.icon-fonts.language`. Provided value: vue-html
2022-11-30 12:16:25.825 [error] [idleberg.icon-fonts]: Unknown language in `contributes.icon-fonts.language`. Provided value: vue-html
2022-11-30 12:16:25.825 [error] [idleberg.icon-fonts]: Unknown language in `contributes.icon-fonts.language`. Provided value: vue-html
2022-11-30 12:16:25.825 [error] [idleberg.icon-fonts]: Unknown language in `contributes.icon-fonts.language`. Provided value: vue-html
2022-11-30 12:16:25.825 [error] [idleberg.icon-fonts]: Unknown language in `contributes.icon-fonts.language`. Provided value: vue-html
2022-11-30 12:16:25.826 [error] [idleberg.icon-fonts]: Unknown language in `contributes.icon-fonts.language`. Provided value: vue-html
2022-11-30 12:16:25.826 [error] [idleberg.icon-fonts]: Unknown language in `contributes.icon-fonts.language`. Provided value: vue-html
2022-11-30 12:16:25.826 [error] [idleberg.icon-fonts]: Unknown language in `contributes.icon-fonts.language`. Provided value: vue-html
2022-11-30 12:16:25.826 [error] [idleberg.icon-fonts]: Unknown language in `contributes.icon-fonts.language`. Provided value: vue-html
2022-11-30 12:16:25.826 [error] [idleberg.icon-fonts]: Unknown language in `contributes.icon-fonts.language`. Provided value: vue-html
2022-11-30 12:16:25.827 [error] [idleberg.icon-fonts]: Unknown language in `contributes.icon-fonts.language`. Provided value: vue-html
2022-11-30 12:16:25.827 [error] [idleberg.icon-fonts]: Unknown language in `contributes.icon-fonts.language`. Provided value: vue-html
2022-11-30 12:16:25.827 [error] [idleberg.icon-fonts]: Unknown language in `contributes.icon-fonts.language`. Provided value: vue-html
2022-11-30 12:16:25.827 [error] [idleberg.icon-fonts]: Unknown language in `contributes.icon-fonts.language`. Provided value: vue-html
2022-11-30 12:16:25.827 [error] [idleberg.icon-fonts]: Unknown language in `contributes.icon-fonts.language`. Provided value: vue-html
2022-11-30 12:16:25.827 [error] [idleberg.icon-fonts]: Unknown language in `contributes.icon-fonts.language`. Provided value: vue-html
2022-11-30 12:16:25.828 [error] [idleberg.icon-fonts]: Unknown language in `contributes.icon-fonts.language`. Provided value: vue-html
2022-11-30 12:16:25.828 [error] [idleberg.icon-fonts]: Unknown language in `contributes.icon-fonts.language`. Provided value: svelte
2022-11-30 12:16:25.828 [error] [idleberg.icon-fonts]: Unknown language in `contributes.icon-fonts.language`. Provided value: svelte
2022-11-30 12:16:25.828 [error] [idleberg.icon-fonts]: Unknown language in `contributes.icon-fonts.language`. Provided value: svelte
2022-11-30 12:16:25.828 [error] [idleberg.icon-fonts]: Unknown language in `contributes.icon-fonts.language`. Provided value: svelte
2022-11-30 12:16:25.828 [error] [idleberg.icon-fonts]: Unknown language in `contributes.icon-fonts.language`. Provided value: svelte
2022-11-30 12:16:25.828 [error] [idleberg.icon-fonts]: Unknown language in `contributes.icon-fonts.language`. Provided value: svelte
2022-11-30 12:16:25.828 [error] [idleberg.icon-fonts]: Unknown language in `contributes.icon-fonts.language`. Provided value: svelte
2022-11-30 12:16:25.828 [error] [idleberg.icon-fonts]: Unknown language in `contributes.icon-fonts.language`. Provided value: svelte
2022-11-30 12:16:25.829 [error] [idleberg.icon-fonts]: Unknown language in `contributes.icon-fonts.language`. Provided value: svelte
2022-11-30 12:16:25.829 [error] [idleberg.icon-fonts]: Unknown language in `contributes.icon-fonts.language`. Provided value: svelte
2022-11-30 12:16:25.829 [error] [idleberg.icon-fonts]: Unknown language in `contributes.icon-fonts.language`. Provided value: svelte
2022-11-30 12:16:25.829 [error] [idleberg.icon-fonts]: Unknown language in `contributes.icon-fonts.language`. Provided value: svelte
2022-11-30 12:16:25.829 [error] [idleberg.icon-fonts]: Unknown language in `contributes.icon-fonts.language`. Provided value: svelte
2022-11-30 12:16:25.829 [error] [idleberg.icon-fonts]: Unknown language in `contributes.icon-fonts.language`. Provided value: svelte
2022-11-30 12:16:25.829 [error] [idleberg.icon-fonts]: Unknown language in `contributes.icon-fonts.language`. Provided value: svelte
2022-11-30 12:16:25.829 [error] [idleberg.icon-fonts]: Unknown language in `contributes.icon-fonts.language`. Provided value: svelte
2022-11-30 12:16:25.829 [error] [idleberg.icon-fonts]: Unknown language in `contributes.icon-fonts.language`. Provided value: svelte
2022-11-30 12:16:25.830 [error] [idleberg.icon-fonts]: Unknown language in `contributes.icon-fonts.language`. Provided value: svelte
2022-11-30 12:16:25.830 [error] [idleberg.icon-fonts]: Unknown language in `contributes.icon-fonts.language`. Provided value: svelte
2022-11-30 12:16:25.830 [error] [idleberg.icon-fonts]: Unknown language in `contributes.icon-fonts.language`. Provided value: svelte
2022-11-30 12:16:25.830 [error] [idleberg.icon-fonts]: Unknown language in `contributes.icon-fonts.language`. Provided value: svelte
2022-11-30 12:16:25.830 [error] [idleberg.icon-fonts]: Unknown language in `contributes.icon-fonts.language`. Provided value: svelte
2022-11-30 12:16:25.830 [error] [idleberg.icon-fonts]: Unknown language in `contributes.icon-fonts.language`. Provided value: svelte
2022-11-30 12:16:25.830 [error] [idleberg.icon-fonts]: Unknown language in `contributes.icon-fonts.language`. Provided value: svelte
2022-11-30 12:16:25.830 [error] [idleberg.icon-fonts]: Unknown language in `contributes.icon-fonts.language`. Provided value: svelte
2022-11-30 12:16:25.830 [error] [idleberg.icon-fonts]: Unknown language in `contributes.icon-fonts.language`. Provided value: svelte
2022-11-30 12:16:25.830 [error] [idleberg.icon-fonts]: Unknown language in `contributes.icon-fonts.language`. Provided value: svelte
2022-11-30 12:16:26.663 [error] [Extension Host] (node:13067) [PINODEP007] PinoWarning: bindings.level is deprecated, use options.level option instead
(Use `electron --trace-warnings ...` to show where the warning was created)
2022-11-30 12:16:28.464 [info] [perf] Render performance baseline is 23ms
2022-11-30 12:16:35.559 [error] Error while registering log channel file:///home/nik/.config/Code%20-%20OSS/logs/20221130T121624/userDataSync.log Timed out while waiting for file to be created
2022-11-30 12:16:52.245 [error] [Extension Host] TypeError: Cannot read properties of null (reading 'version')
	at /home/nik/.vscode-oss/extensions/naumovs.color-highlight-2.6.0-universal/dist/extension-node.js:1:68450
	at l (/home/nik/.vscode-oss/extensions/naumovs.color-highlight-2.6.0-universal/dist/extension-node.js:1:4485)
	at Generator._invoke (/home/nik/.vscode-oss/extensions/naumovs.color-highlight-2.6.0-universal/dist/extension-node.js:1:4273)
	at Generator.next (/home/nik/.vscode-oss/extensions/naumovs.color-highlight-2.6.0-universal/dist/extension-node.js:1:4910)
	at l (/home/nik/.vscode-oss/extensions/naumovs.color-highlight-2.6.0-universal/dist/extension-node.js:1:4485)
	at M (/home/nik/.vscode-oss/extensions/naumovs.color-highlight-2.6.0-universal/dist/extension-node.js:1:5658)
	at Generator._invoke (/home/nik/.vscode-oss/extensions/naumovs.color-highlight-2.6.0-universal/dist/extension-node.js:1:4050)
	at Generator.next (/home/nik/.vscode-oss/extensions/naumovs.color-highlight-2.6.0-universal/dist/extension-node.js:1:4910)
	at t (/home/nik/.vscode-oss/extensions/naumovs.color-highlight-2.6.0-universal/dist/extension-node.js:1:413)
	at s (/home/nik/.vscode-oss/extensions/naumovs.color-highlight-2.6.0-universal/dist/extension-node.js:1:624)
	at process.processTicksAndRejections (node:internal/process/task_queues:96:5)
2022-11-30 12:16:52.245 [error] [Extension Host] TypeError: Cannot read properties of null (reading 'version')
	at /home/nik/.vscode-oss/extensions/naumovs.color-highlight-2.6.0-universal/dist/extension-node.js:1:68450
	at l (/home/nik/.vscode-oss/extensions/naumovs.color-highlight-2.6.0-universal/dist/extension-node.js:1:4485)
	at Generator._invoke (/home/nik/.vscode-oss/extensions/naumovs.color-highlight-2.6.0-universal/dist/extension-node.js:1:4273)
	at Generator.next (/home/nik/.vscode-oss/extensions/naumovs.color-highlight-2.6.0-universal/dist/extension-node.js:1:4910)
	at l (/home/nik/.vscode-oss/extensions/naumovs.color-highlight-2.6.0-universal/dist/extension-node.js:1:4485)
	at M (/home/nik/.vscode-oss/extensions/naumovs.color-highlight-2.6.0-universal/dist/extension-node.js:1:5658)
	at Generator._invoke (/home/nik/.vscode-oss/extensions/naumovs.color-highlight-2.6.0-universal/dist/extension-node.js:1:4050)
	at Generator.next (/home/nik/.vscode-oss/extensions/naumovs.color-highlight-2.6.0-universal/dist/extension-node.js:1:4910)
	at t (/home/nik/.vscode-oss/extensions/naumovs.color-highlight-2.6.0-universal/dist/extension-node.js:1:413)
	at s (/home/nik/.vscode-oss/extensions/naumovs.color-highlight-2.6.0-universal/dist/extension-node.js:1:624)
	at process.processTicksAndRejections (node:internal/process/task_queues:96:5)
2022-11-30 12:16:57.212 [error] Error: File not found
    at h.handleSetInputError (vscode-file://vscode-app/usr/lib/code/out/vs/workbench/workbench.desktop.main.js:2745:95931)
    at async h.setInput (vscode-file://vscode-app/usr/lib/code/out/vs/workbench/workbench.desktop.main.js:2745:95171)
    at async a.doSetInput (vscode-file://vscode-app/usr/lib/code/out/vs/workbench/workbench.desktop.main.js:2743:6429)
    at async a.doOpenEditor (vscode-file://vscode-app/usr/lib/code/out/vs/workbench/workbench.desktop.main.js:2743:4791)
    at async a.openEditor (vscode-file://vscode-app/usr/lib/code/out/vs/workbench/workbench.desktop.main.js:2743:3783)
    at async vscode-file://vscode-app/usr/lib/code/out/vs/workbench/workbench.desktop.main.js:2970:16742
2022-11-30 12:17:11.088 [error] Error: Unable to read file '/home/nik/.vscode-oss/extensions/idleberg.icon-fonts-2.5.4-universal/snippets/css/fi.json' (Error: Unable to resolve nonexistent file '/home/nik/.vscode-oss/extensions/idleberg.icon-fonts-2.5.4-universal/snippets/css/fi.json')
    at d.doReadFileStream (vscode-file://vscode-app/usr/lib/code/out/vs/workbench/workbench.desktop.main.js:609:20545)
    at async d.doReadFile (vscode-file://vscode-app/usr/lib/code/out/vs/workbench/workbench.desktop.main.js:609:19501)
    at async C.readExtensionResource (vscode-file://vscode-app/usr/lib/code/out/vs/workbench/workbench.desktop.main.js:818:6299)
    at async Promise.all (index 23)
    at async T.getSnippets (vscode-file://vscode-app/usr/lib/code/out/vs/workbench/workbench.desktop.main.js:2330:5528)
    at async C (vscode-file://vscode-app/usr/lib/code/out/vs/workbench/workbench.desktop.main.js:1268:47612)
    at async Ts.provideCodeActions (vscode-file://vscode-app/usr/lib/code/out/vs/workbench/workbench.desktop.main.js:1382:8806)
    at async vscode-file://vscode-app/usr/lib/code/out/vs/workbench/workbench.desktop.main.js:707:95356
    at async Promise.all (index 4)
    at async a (vscode-file://vscode-app/usr/lib/code/out/vs/workbench/workbench.desktop.main.js:707:95782) file:///home/nik/.vscode-oss/extensions/idleberg.icon-fonts-2.5.4-universal/snippets/css/fi.json
2022-11-30 12:17:11.088 [error] Error: Unable to read file '/home/nik/.vscode-oss/extensions/idleberg.icon-fonts-2.5.4-universal/snippets/html/fi.json' (Error: Unable to resolve nonexistent file '/home/nik/.vscode-oss/extensions/idleberg.icon-fonts-2.5.4-universal/snippets/html/fi.json')
    at d.doReadFileStream (vscode-file://vscode-app/usr/lib/code/out/vs/workbench/workbench.desktop.main.js:609:20545)
    at async d.doReadFile (vscode-file://vscode-app/usr/lib/code/out/vs/workbench/workbench.desktop.main.js:609:19501)
    at async C.readExtensionResource (vscode-file://vscode-app/usr/lib/code/out/vs/workbench/workbench.desktop.main.js:818:6299)
    at async Promise.all (index 47)
    at async T.getSnippets (vscode-file://vscode-app/usr/lib/code/out/vs/workbench/workbench.desktop.main.js:2330:5528)
    at async C (vscode-file://vscode-app/usr/lib/code/out/vs/workbench/workbench.desktop.main.js:1268:47612)
    at async Ts.provideCodeActions (vscode-file://vscode-app/usr/lib/code/out/vs/workbench/workbench.desktop.main.js:1382:8806)
    at async vscode-file://vscode-app/usr/lib/code/out/vs/workbench/workbench.desktop.main.js:707:95356
    at async Promise.all (index 4)
    at async a (vscode-file://vscode-app/usr/lib/code/out/vs/workbench/workbench.desktop.main.js:707:95782) file:///home/nik/.vscode-oss/extensions/idleberg.icon-fonts-2.5.4-universal/snippets/html/fi.json
2022-11-30 12:17:11.088 [error] Error: Unable to read file '/home/nik/.vscode-oss/extensions/idleberg.icon-fonts-2.5.4-universal/snippets/jsx/fi.json' (Error: Unable to resolve nonexistent file '/home/nik/.vscode-oss/extensions/idleberg.icon-fonts-2.5.4-universal/snippets/jsx/fi.json')
    at d.doReadFileStream (vscode-file://vscode-app/usr/lib/code/out/vs/workbench/workbench.desktop.main.js:609:20545)
    at async d.doReadFile (vscode-file://vscode-app/usr/lib/code/out/vs/workbench/workbench.desktop.main.js:609:19501)
    at async C.readExtensionResource (vscode-file://vscode-app/usr/lib/code/out/vs/workbench/workbench.desktop.main.js:818:6299)
    at async Promise.all (index 74)
    at async T.getSnippets (vscode-file://vscode-app/usr/lib/code/out/vs/workbench/workbench.desktop.main.js:2330:5528)
    at async C (vscode-file://vscode-app/usr/lib/code/out/vs/workbench/workbench.desktop.main.js:1268:47612)
    at async Ts.provideCodeActions (vscode-file://vscode-app/usr/lib/code/out/vs/workbench/workbench.desktop.main.js:1382:8806)
    at async vscode-file://vscode-app/usr/lib/code/out/vs/workbench/workbench.desktop.main.js:707:95356
    at async Promise.all (index 4)
    at async a (vscode-file://vscode-app/usr/lib/code/out/vs/workbench/workbench.desktop.main.js:707:95782) file:///home/nik/.vscode-oss/extensions/idleberg.icon-fonts-2.5.4-universal/snippets/jsx/fi.json
2022-11-30 12:17:11.089 [error] Error: Unable to read file '/home/nik/.vscode-oss/extensions/idleberg.icon-fonts-2.5.4-universal/snippets/jsx/geomicon.json' (Error: Unable to resolve nonexistent file '/home/nik/.vscode-oss/extensions/idleberg.icon-fonts-2.5.4-universal/snippets/jsx/geomicon.json')
    at d.doReadFileStream (vscode-file://vscode-app/usr/lib/code/out/vs/workbench/workbench.desktop.main.js:609:20545)
    at async d.doReadFile (vscode-file://vscode-app/usr/lib/code/out/vs/workbench/workbench.desktop.main.js:609:19501)
    at async C.readExtensionResource (vscode-file://vscode-app/usr/lib/code/out/vs/workbench/workbench.desktop.main.js:818:6299)
    at async Promise.all (index 76)
    at async T.getSnippets (vscode-file://vscode-app/usr/lib/code/out/vs/workbench/workbench.desktop.main.js:2330:5528)
    at async C (vscode-file://vscode-app/usr/lib/code/out/vs/workbench/workbench.desktop.main.js:1268:47612)
    at async Ts.provideCodeActions (vscode-file://vscode-app/usr/lib/code/out/vs/workbench/workbench.desktop.main.js:1382:8806)
    at async vscode-file://vscode-app/usr/lib/code/out/vs/workbench/workbench.desktop.main.js:707:95356
    at async Promise.all (index 4)
    at async a (vscode-file://vscode-app/usr/lib/code/out/vs/workbench/workbench.desktop.main.js:707:95782) file:///home/nik/.vscode-oss/extensions/idleberg.icon-fonts-2.5.4-universal/snippets/jsx/geomicon.json
