2022-12-17 08:06:05.329 [info] Extension host with pid 255414 started
2022-12-17 08:06:05.329 [info] Skipping acquiring lock for /home/nik/.config/Code - OSS/User/workspaceStorage/f093968c6a09930fe0de5f3ad2e46506.
2022-12-17 08:06:05.393 [info] ExtensionService#_doActivateExtension vscode.git-base, startup: true, activationEvent: '*', root cause: vscode.git
2022-12-17 08:06:05.393 [info] ExtensionService#_doActivateExtension bierner.color-info, startup: true, activationEvent: '*'
2022-12-17 08:06:05.393 [info] ExtensionService#_doActivateExtension dendron.dendron, startup: true, activationEvent: '*'
2022-12-17 08:06:05.393 [info] ExtensionService#_doActivateExtension dendron.dendron-markdown-shortcuts, startup: true, activationEvent: '*'
2022-12-17 08:06:05.394 [info] ExtensionService#_doActivateExtension dendron.dendron-snippet-maker, startup: true, activationEvent: '*'
2022-12-17 08:06:05.394 [info] ExtensionService#_doActivateExtension dlasagno.wal-theme, startup: true, activationEvent: '*'
2022-12-17 08:06:05.394 [info] ExtensionService#_doActivateExtension iocave.monkey-patch, startup: true, activationEvent: '*', root cause: iocave.customize-ui
2022-12-17 08:06:05.394 [info] ExtensionService#_doActivateExtension Janne252.fontawesome-autocomplete, startup: true, activationEvent: '*'
2022-12-17 08:06:05.394 [info] ExtensionService#_doActivateExtension kamikillerto.vscode-colorize, startup: true, activationEvent: '*'
2022-12-17 08:06:05.394 [info] ExtensionService#_doActivateExtension naumovs.color-highlight, startup: true, activationEvent: '*'
2022-12-17 08:06:05.394 [info] ExtensionService#_doActivateExtension psudo-dev.nebula-oni-theme, startup: true, activationEvent: '*'
2022-12-17 08:06:06.289 [info] ExtensionService#_doActivateExtension vscode.git, startup: true, activationEvent: '*'
2022-12-17 08:06:06.289 [info] ExtensionService#_doActivateExtension vscode.github, startup: true, activationEvent: '*'
2022-12-17 08:06:06.289 [info] ExtensionService#_doActivateExtension iocave.customize-ui, startup: true, activationEvent: '*'
2022-12-17 08:06:06.395 [info] Eager extensions activated
2022-12-17 08:06:06.415 [info] ExtensionService#_doActivateExtension vscode.debug-auto-launch, startup: false, activationEvent: 'onStartupFinished'
2022-12-17 08:06:06.415 [info] ExtensionService#_doActivateExtension vscode.emmet, startup: false, activationEvent: 'onStartupFinished'
2022-12-17 08:06:06.415 [info] ExtensionService#_doActivateExtension vscode.merge-conflict, startup: false, activationEvent: 'onStartupFinished'
2022-12-17 08:06:06.415 [info] ExtensionService#_doActivateExtension activecove.marquee, startup: false, activationEvent: 'onStartupFinished'
2022-12-17 08:06:06.415 [info] ExtensionService#_doActivateExtension Equinusocio.vsc-material-theme, startup: false, activationEvent: 'onStartupFinished'
2022-12-17 08:06:06.415 [info] ExtensionService#_doActivateExtension equinusocio.vsc-material-theme-icons, startup: false, activationEvent: 'onStartupFinished'
2022-12-17 08:06:06.416 [info] ExtensionService#_doActivateExtension kuba-p.theme-pink-candy, startup: false, activationEvent: 'onStartupFinished'
2022-12-17 08:06:06.416 [info] ExtensionService#_doActivateExtension MatthewNespor.vscode-color-identifiers-mode, startup: false, activationEvent: 'onStartupFinished'
2022-12-17 08:06:06.416 [info] ExtensionService#_doActivateExtension Sudhan.neondark-theme, startup: false, activationEvent: 'onStartupFinished'
2022-12-17 08:06:06.416 [info] ExtensionService#_doActivateExtension virgilsisoe.hammerspoon, startup: false, activationEvent: 'onStartupFinished'
2022-12-17 08:06:06.497 [error] Activating extension virgilsisoe.hammerspoon failed due to an error:
2022-12-17 08:06:06.498 [error] Error: ENOENT: no such file or directory, open '/Applications/Hammerspoon.app/Contents/Resources/docs.json'
	at Object.openSync (node:fs:585:3)
	at Object.func [as openSync] (node:electron/js2c/asar_bundle:5:1812)
	at readFileSync (node:fs:453:35)
	at e.readFileSync (node:electron/js2c/asar_bundle:5:9160)
	at Object.<anonymous> (/home/nik/.vscode-oss/extensions/virgilsisoe.hammerspoon-0.4.0-universal/out/generate_hs_docs.js:7:48)
	at u._compile (/usr/lib/code/out/vs/loader.js:4:1313)
	at Module._extensions..js (node:internal/modules/cjs/loader:1173:10)
	at Module.load (node:internal/modules/cjs/loader:988:32)
	at Module._load (node:internal/modules/cjs/loader:829:12)
	at c._load (node:electron/js2c/asar_bundle:5:13343)
	at r._load (/usr/lib/code/out/vs/workbench/api/node/extensionHostProcess.js:120:13379)
	at w._load (/usr/lib/code/out/vs/workbench/api/node/extensionHostProcess.js:115:61900)
	at v._load (/usr/lib/code/out/vs/workbench/api/node/extensionHostProcess.js:115:61293)
	at Module.require (node:internal/modules/cjs/loader:1012:19)
	at p (/usr/lib/code/out/vs/loader.js:4:699)
	at Object.<anonymous> (/home/nik/.vscode-oss/extensions/virgilsisoe.hammerspoon-0.4.0-universal/out/extension.js:13:28)
	at u._compile (/usr/lib/code/out/vs/loader.js:4:1313)
	at Module._extensions..js (node:internal/modules/cjs/loader:1173:10)
	at Module.load (node:internal/modules/cjs/loader:988:32)
	at Module._load (node:internal/modules/cjs/loader:829:12)
	at c._load (node:electron/js2c/asar_bundle:5:13343)
	at r._load (/usr/lib/code/out/vs/workbench/api/node/extensionHostProcess.js:120:13379)
	at w._load (/usr/lib/code/out/vs/workbench/api/node/extensionHostProcess.js:115:61900)
	at v._load (/usr/lib/code/out/vs/workbench/api/node/extensionHostProcess.js:115:61293)
	at Module.require (node:internal/modules/cjs/loader:1012:19)
	at require (node:internal/modules/cjs/helpers:102:18)
	at Function.r [as __$__nodeRequire] (/usr/lib/code/out/vs/loader.js:5:101)
	at d.pb (/usr/lib/code/out/vs/workbench/api/node/extensionHostProcess.js:115:63164)
	at process.processTicksAndRejections (node:internal/process/task_queues:96:5)
	at async Promise.all (index 0)
2022-12-17 13:48:29.256 [info] ExtensionService#_doActivateExtension vscode.css-language-features, startup: false, activationEvent: 'onLanguage:css'
2022-12-17 13:48:29.257 [info] ExtensionService#_doActivateExtension tonka3000.qtvsctools, startup: false, activationEvent: 'onLanguage:css'
2022-12-17 15:09:54.663 [info] ExtensionService#_doActivateExtension vscode.configuration-editing, startup: false, activationEvent: 'onLanguage:jsonc'
2022-12-17 15:09:54.663 [info] ExtensionService#_doActivateExtension vscode.json-language-features, startup: false, activationEvent: 'onLanguage:jsonc'
2022-12-17 15:09:54.663 [info] ExtensionService#_doActivateExtension vscode.typescript-language-features, startup: false, activationEvent: 'onLanguage:jsonc'
2022-12-17 15:09:55.986 [error] Error: ENOENT: no such file or directory, watch 'undefined'
	at FSWatcher.<computed> (node:internal/fs/watchers:244:19)
	at Object.watch (node:fs:2251:34)
	at k.setupCMakeCacheWatcher (/home/nik/.vscode-oss/extensions/tonka3000.qtvsctools-0.11.0-universal/dist/extension.js:42:167807)
	at process.processTicksAndRejections (node:internal/process/task_queues:96:5)
2022-12-17 15:13:58.560 [info] Extension host terminating: received terminate message from renderer
2022-12-17 15:13:58.571 [error] An error occurred when deactivating the extension 'dendron.dendron':
2022-12-17 15:13:58.571 [error] DendronError: no native workspace
	at _i.getWorkspaceImplOrThrow (/home/nik/.vscode-oss/extensions/dendron.dendron-0.119.0-universal/dist/extension.js:8:3215133)
	at yi (/home/nik/.vscode-oss/extensions/dendron.dendron-0.119.0-universal/dist/extension.js:8:3211761)
	at Object.ps (/home/nik/.vscode-oss/extensions/dendron.dendron-0.119.0-universal/dist/extension.js:8:3462018)
	at Module.v (/home/nik/.vscode-oss/extensions/dendron.dendron-0.119.0-universal/dist/extension.js:8:3490073)
	at d.X (/usr/lib/code/out/vs/workbench/api/node/extensionHostProcess.js:106:11333)
	at /usr/lib/code/out/vs/workbench/api/node/extensionHostProcess.js:106:9301
	at Array.map (<anonymous>)
	at d.Q (/usr/lib/code/out/vs/workbench/api/node/extensionHostProcess.js:106:9288)
	at d.terminate (/usr/lib/code/out/vs/workbench/api/node/extensionHostProcess.js:106:9563)
	at f.terminate (/usr/lib/code/out/vs/workbench/api/node/extensionHostProcess.js:110:1397)
	at b (/usr/lib/code/out/vs/workbench/api/node/extensionHostProcess.js:120:17815)
	at /usr/lib/code/out/vs/workbench/api/node/extensionHostProcess.js:120:15750
	at d.invoke (/usr/lib/code/out/vs/workbench/api/node/extensionHostProcess.js:63:145)
	at w.deliver (/usr/lib/code/out/vs/workbench/api/node/extensionHostProcess.js:63:2029)
	at g.fire (/usr/lib/code/out/vs/workbench/api/node/extensionHostProcess.js:63:1667)
	at h.fire (/usr/lib/code/out/vs/workbench/api/node/extensionHostProcess.js:72:14314)
	at c.y (/usr/lib/code/out/vs/workbench/api/node/extensionHostProcess.js:72:17324)
	at /usr/lib/code/out/vs/workbench/api/node/extensionHostProcess.js:72:15795
	at d.invoke (/usr/lib/code/out/vs/workbench/api/node/extensionHostProcess.js:63:145)
	at w.deliver (/usr/lib/code/out/vs/workbench/api/node/extensionHostProcess.js:63:2029)
	at g.fire (/usr/lib/code/out/vs/workbench/api/node/extensionHostProcess.js:63:1667)
	at g.acceptChunk (/usr/lib/code/out/vs/workbench/api/node/extensionHostProcess.js:72:12045)
	at /usr/lib/code/out/vs/workbench/api/node/extensionHostProcess.js:72:11332
	at Socket.l (/usr/lib/code/out/vs/workbench/api/node/extensionHostProcess.js:72:19792)
	at Socket.emit (node:events:526:28)
	at Socket.emit (node:domain:475:12)
	at addChunk (node:internal/streams/readable:315:12)
	at readableAddChunk (node:internal/streams/readable:289:9)
	at Readable.push (node:internal/streams/readable:228:10)
	at Pipe.onStreamRead (node:internal/stream_base_commons:190:23)
2022-12-17 15:13:58.577 [info] Extension host with pid 255414 exiting with code 0
