2022-12-09 06:44:50.948 [info] Validating found git in: git
2022-12-09 06:44:50.948 [info] Using git 2.38.1 from git
2022-12-09 06:44:50.948 [info] > git rev-parse --show-toplevel [16ms]
2022-12-09 06:44:50.948 [info] fatal: not a git repository (or any of the parent directories): .git
2022-12-09 06:44:50.950 [info] > git rev-parse --show-toplevel [40ms]
2022-12-09 06:44:50.950 [info] fatal: not a git repository (or any of the parent directories): .git
2022-12-09 06:44:50.972 [info] > git rev-parse --show-toplevel [17ms]
2022-12-09 06:44:50.972 [info] fatal: not a git repository: /home/nik/.config/awesome/freedesktop/../.git/modules/freedesktop
2022-12-09 06:44:50.979 [info] > git rev-parse --show-toplevel [2ms]
2022-12-09 06:44:50.979 [info] fatal: not a git repository: /home/nik/.config/awesome/lain/../.git/modules/lain
2022-12-09 06:44:51.002 [info] > git rev-parse --show-toplevel [19ms]
2022-12-09 06:44:51.002 [info] fatal: not a git repository (or any of the parent directories): .git
2022-12-09 06:44:51.007 [info] > git rev-parse --show-toplevel [1ms]
2022-12-09 06:44:51.007 [info] fatal: not a git repository (or any of the parent directories): .git
2022-12-09 06:45:13.368 [info] Validating found git in: git
2022-12-09 06:45:13.368 [info] Using git 2.38.1 from git
2022-12-09 06:45:13.368 [info] > git rev-parse --show-toplevel [7ms]
2022-12-09 06:45:13.368 [info] fatal: not a git repository (or any of the parent directories): .git
2022-12-09 06:45:13.368 [info] > git rev-parse --show-toplevel [1ms]
2022-12-09 06:45:13.368 [info] fatal: not a git repository (or any of the parent directories): .git
2022-12-09 06:45:13.369 [info] > git rev-parse --show-toplevel [30ms]
2022-12-09 06:45:13.369 [info] fatal: not a git repository (or any of the parent directories): .git
2022-12-09 06:45:13.387 [info] > git rev-parse --show-toplevel [14ms]
2022-12-09 06:45:13.387 [info] fatal: not a git repository (or any of the parent directories): .git
2022-12-09 06:45:13.393 [info] > git rev-parse --show-toplevel [1ms]
2022-12-09 06:45:13.393 [info] fatal: not a git repository (or any of the parent directories): .git
2022-12-09 06:45:13.409 [info] > git rev-parse --show-toplevel [11ms]
2022-12-09 06:45:13.409 [info] fatal: not a git repository (or any of the parent directories): .git
2022-12-09 06:45:13.414 [info] > git rev-parse --show-toplevel [1ms]
2022-12-09 06:45:13.414 [info] fatal: not a git repository (or any of the parent directories): .git
2022-12-09 06:45:13.418 [info] > git rev-parse --show-toplevel [1ms]
2022-12-09 06:45:13.418 [info] fatal: not a git repository (or any of the parent directories): .git
2022-12-09 06:45:13.422 [info] > git rev-parse --show-toplevel [1ms]
2022-12-09 06:45:13.422 [info] fatal: not a git repository (or any of the parent directories): .git
2022-12-09 06:45:13.425 [info] > git rev-parse --show-toplevel [0ms]
2022-12-09 06:45:13.425 [info] fatal: not a git repository (or any of the parent directories): .git
2022-12-09 06:45:13.429 [info] > git rev-parse --show-toplevel [1ms]
2022-12-09 06:45:13.429 [info] fatal: not a git repository (or any of the parent directories): .git
2022-12-09 07:13:38.955 [info] > git rev-parse --show-toplevel [19ms]
2022-12-09 07:13:38.955 [info] fatal: not a git repository (or any of the parent directories): .git
2022-12-09 07:13:38.987 [info] > git rev-parse --show-toplevel [28ms]
2022-12-09 07:13:38.987 [info] fatal: not a git repository (or any of the parent directories): .git
2022-12-09 07:13:38.991 [info] > git rev-parse --show-toplevel [1ms]
2022-12-09 07:13:38.991 [info] fatal: not a git repository (or any of the parent directories): .git
2022-12-09 07:13:38.994 [info] > git rev-parse --show-toplevel [1ms]
2022-12-09 07:13:38.994 [info] fatal: not a git repository (or any of the parent directories): .git
2022-12-09 07:13:38.997 [info] > git rev-parse --show-toplevel [1ms]
2022-12-09 07:13:38.997 [info] fatal: not a git repository (or any of the parent directories): .git
2022-12-09 07:13:39.000 [info] > git rev-parse --show-toplevel [1ms]
2022-12-09 07:13:39.000 [info] fatal: not a git repository (or any of the parent directories): .git
2022-12-09 07:13:43.311 [info] > git rev-parse --show-toplevel [2ms]
2022-12-09 07:13:43.311 [info] fatal: not a git repository (or any of the parent directories): .git
2022-12-09 07:13:43.316 [info] > git rev-parse --show-toplevel [1ms]
2022-12-09 07:13:43.316 [info] fatal: not a git repository (or any of the parent directories): .git
2022-12-09 07:13:45.933 [info] > git rev-parse --show-toplevel [1ms]
2022-12-09 07:13:45.933 [info] fatal: not a git repository (or any of the parent directories): .git
2022-12-09 07:13:45.968 [info] > git rev-parse --show-toplevel [3ms]
2022-12-09 07:13:45.968 [info] fatal: not a git repository (or any of the parent directories): .git
2022-12-09 07:13:45.974 [info] > git rev-parse --show-toplevel [1ms]
2022-12-09 07:13:45.974 [info] fatal: not a git repository (or any of the parent directories): .git
2022-12-09 07:13:47.971 [info] > git rev-parse --show-toplevel [1ms]
2022-12-09 07:13:47.971 [info] fatal: not a git repository (or any of the parent directories): .git
2022-12-09 07:16:37.945 [info] > git rev-parse --show-toplevel [2ms]
2022-12-09 07:16:37.945 [info] fatal: not a git repository (or any of the parent directories): .git
2022-12-09 12:08:27.645 [info] > git rev-parse --show-toplevel [3ms]
2022-12-09 12:08:27.645 [info] fatal: not a git repository (or any of the parent directories): .git
2022-12-09 12:14:30.774 [info] > git rev-parse --show-toplevel [17ms]
2022-12-09 12:14:30.774 [info] fatal: not a git repository (or any of the parent directories): .git
2022-12-09 12:14:58.708 [info] Validating found git in: git
2022-12-09 12:14:58.708 [info] Using git 2.38.1 from git
2022-12-09 12:14:58.708 [info] > git rev-parse --show-toplevel [6ms]
2022-12-09 12:14:58.708 [info] fatal: not a git repository (or any of the parent directories): .git
2022-12-09 12:14:58.708 [info] > git rev-parse --show-toplevel [2ms]
2022-12-09 12:14:58.708 [info] fatal: not a git repository (or any of the parent directories): .git
2022-12-09 12:14:58.708 [info] > git rev-parse --show-toplevel [7ms]
2022-12-09 12:14:58.708 [info] fatal: not a git repository (or any of the parent directories): .git
2022-12-09 12:14:58.708 [info] > git rev-parse --show-toplevel [1ms]
2022-12-09 12:14:58.708 [info] fatal: not a git repository (or any of the parent directories): .git
2022-12-09 12:14:58.708 [info] > git rev-parse --show-toplevel [1ms]
2022-12-09 12:14:58.708 [info] fatal: not a git repository (or any of the parent directories): .git
2022-12-09 12:14:58.708 [info] > git rev-parse --show-toplevel [1ms]
2022-12-09 12:14:58.708 [info] fatal: not a git repository (or any of the parent directories): .git
2022-12-09 12:14:58.708 [info] > git rev-parse --show-toplevel [1ms]
2022-12-09 12:14:58.708 [info] fatal: not a git repository (or any of the parent directories): .git
2022-12-09 12:14:58.708 [info] > git rev-parse --show-toplevel [1ms]
2022-12-09 12:14:58.708 [info] fatal: not a git repository (or any of the parent directories): .git
2022-12-09 12:14:58.708 [info] > git rev-parse --show-toplevel [1ms]
2022-12-09 12:14:58.708 [info] fatal: not a git repository (or any of the parent directories): .git
2022-12-09 12:14:58.708 [info] > git rev-parse --show-toplevel [0ms]
2022-12-09 12:14:58.708 [info] fatal: not a git repository (or any of the parent directories): .git
2022-12-09 12:15:00.545 [info] > git rev-parse --show-toplevel [23ms]
2022-12-09 12:15:00.545 [info] fatal: not a git repository (or any of the parent directories): .git
2022-12-09 12:16:04.332 [info] > git rev-parse --show-toplevel [22ms]
2022-12-09 12:16:04.332 [info] fatal: not a git repository (or any of the parent directories): .git
2022-12-09 12:16:47.918 [info] > git rev-parse --show-toplevel [11ms]
2022-12-09 12:16:47.918 [info] fatal: not a git repository (or any of the parent directories): .git
2022-12-09 12:16:47.925 [info] > git rev-parse --show-toplevel [1ms]
2022-12-09 12:16:47.925 [info] fatal: not a git repository (or any of the parent directories): .git
2022-12-09 12:16:47.932 [info] > git rev-parse --show-toplevel [1ms]
2022-12-09 12:16:47.932 [info] fatal: not a git repository (or any of the parent directories): .git
2022-12-09 12:16:47.938 [info] > git rev-parse --show-toplevel [1ms]
2022-12-09 12:16:47.938 [info] fatal: not a git repository (or any of the parent directories): .git
2022-12-09 12:16:47.946 [info] > git rev-parse --show-toplevel [1ms]
2022-12-09 12:16:47.946 [info] fatal: not a git repository (or any of the parent directories): .git
2022-12-09 12:16:47.952 [info] > git rev-parse --show-toplevel [0ms]
2022-12-09 12:16:47.952 [info] fatal: not a git repository (or any of the parent directories): .git
2022-12-09 12:17:53.388 [info] > git rev-parse --show-toplevel [15ms]
2022-12-09 12:17:53.388 [info] fatal: not a git repository (or any of the parent directories): .git
2022-12-09 12:17:53.395 [info] > git rev-parse --show-toplevel [1ms]
2022-12-09 12:17:53.396 [info] fatal: not a git repository (or any of the parent directories): .git
2022-12-09 12:17:53.402 [info] > git rev-parse --show-toplevel [2ms]
2022-12-09 12:17:53.402 [info] fatal: not a git repository (or any of the parent directories): .git
2022-12-09 12:17:53.408 [info] > git rev-parse --show-toplevel [1ms]
2022-12-09 12:17:53.408 [info] fatal: not a git repository (or any of the parent directories): .git
2022-12-09 12:17:53.413 [info] > git rev-parse --show-toplevel [1ms]
2022-12-09 12:17:53.413 [info] fatal: not a git repository (or any of the parent directories): .git
2022-12-09 12:17:53.418 [info] > git rev-parse --show-toplevel [1ms]
2022-12-09 12:17:53.418 [info] fatal: not a git repository (or any of the parent directories): .git
2022-12-09 12:19:58.096 [info] > git rev-parse --show-toplevel [1ms]
2022-12-09 12:19:58.096 [info] fatal: not a git repository (or any of the parent directories): .git
2022-12-09 12:19:58.101 [info] > git rev-parse --show-toplevel [2ms]
2022-12-09 12:19:58.101 [info] fatal: not a git repository (or any of the parent directories): .git
2022-12-09 12:19:58.111 [info] > git rev-parse --show-toplevel [6ms]
2022-12-09 12:19:58.111 [info] fatal: not a git repository (or any of the parent directories): .git
2022-12-09 12:19:58.116 [info] > git rev-parse --show-toplevel [1ms]
2022-12-09 12:19:58.116 [info] fatal: not a git repository (or any of the parent directories): .git
2022-12-09 12:19:58.121 [info] > git rev-parse --show-toplevel [1ms]
2022-12-09 12:19:58.121 [info] fatal: not a git repository (or any of the parent directories): .git
2022-12-09 12:19:58.126 [info] > git rev-parse --show-toplevel [1ms]
2022-12-09 12:19:58.126 [info] fatal: not a git repository (or any of the parent directories): .git
2022-12-09 12:21:24.986 [info] > git rev-parse --show-toplevel [1ms]
2022-12-09 12:21:24.986 [info] fatal: not a git repository (or any of the parent directories): .git
2022-12-09 12:21:24.990 [info] > git rev-parse --show-toplevel [0ms]
2022-12-09 12:21:24.990 [info] fatal: not a git repository (or any of the parent directories): .git
2022-12-09 12:21:24.994 [info] > git rev-parse --show-toplevel [1ms]
2022-12-09 12:21:24.994 [info] fatal: not a git repository (or any of the parent directories): .git
2022-12-09 12:21:24.997 [info] > git rev-parse --show-toplevel [0ms]
2022-12-09 12:21:24.998 [info] fatal: not a git repository (or any of the parent directories): .git
2022-12-09 12:21:25.001 [info] > git rev-parse --show-toplevel [0ms]
2022-12-09 12:21:25.001 [info] fatal: not a git repository (or any of the parent directories): .git
2022-12-09 12:21:25.005 [info] > git rev-parse --show-toplevel [1ms]
2022-12-09 12:21:25.005 [info] fatal: not a git repository (or any of the parent directories): .git
2022-12-09 12:21:58.612 [info] > git rev-parse --show-toplevel [1ms]
2022-12-09 12:21:58.612 [info] fatal: not a git repository (or any of the parent directories): .git
2022-12-09 12:21:58.616 [info] > git rev-parse --show-toplevel [0ms]
2022-12-09 12:21:58.616 [info] fatal: not a git repository (or any of the parent directories): .git
2022-12-09 12:21:58.636 [info] > git rev-parse --show-toplevel [17ms]
2022-12-09 12:21:58.636 [info] fatal: not a git repository (or any of the parent directories): .git
2022-12-09 12:21:58.640 [info] > git rev-parse --show-toplevel [1ms]
2022-12-09 12:21:58.640 [info] fatal: not a git repository (or any of the parent directories): .git
2022-12-09 12:21:58.643 [info] > git rev-parse --show-toplevel [1ms]
2022-12-09 12:21:58.643 [info] fatal: not a git repository (or any of the parent directories): .git
2022-12-09 12:21:58.646 [info] > git rev-parse --show-toplevel [0ms]
2022-12-09 12:21:58.646 [info] fatal: not a git repository (or any of the parent directories): .git
2022-12-09 12:22:03.311 [info] > git rev-parse --show-toplevel [0ms]
2022-12-09 12:22:03.311 [info] fatal: not a git repository (or any of the parent directories): .git
2022-12-09 12:22:03.315 [info] > git rev-parse --show-toplevel [0ms]
2022-12-09 12:22:03.315 [info] fatal: not a git repository (or any of the parent directories): .git
2022-12-09 12:22:03.342 [info] > git rev-parse --show-toplevel [23ms]
2022-12-09 12:22:03.342 [info] fatal: not a git repository (or any of the parent directories): .git
2022-12-09 12:22:03.347 [info] > git rev-parse --show-toplevel [0ms]
2022-12-09 12:22:03.347 [info] fatal: not a git repository (or any of the parent directories): .git
2022-12-09 12:22:03.350 [info] > git rev-parse --show-toplevel [1ms]
2022-12-09 12:22:03.350 [info] fatal: not a git repository (or any of the parent directories): .git
2022-12-09 12:22:03.353 [info] > git rev-parse --show-toplevel [0ms]
2022-12-09 12:22:03.353 [info] fatal: not a git repository (or any of the parent directories): .git
2022-12-09 12:22:18.337 [info] > git rev-parse --show-toplevel [2ms]
2022-12-09 12:22:18.337 [info] fatal: not a git repository (or any of the parent directories): .git
2022-12-09 12:22:18.367 [info] > git rev-parse --show-toplevel [25ms]
2022-12-09 12:22:18.367 [info] fatal: not a git repository (or any of the parent directories): .git
2022-12-09 12:22:18.373 [info] > git rev-parse --show-toplevel [3ms]
2022-12-09 12:22:18.373 [info] fatal: not a git repository (or any of the parent directories): .git
2022-12-09 12:22:18.377 [info] > git rev-parse --show-toplevel [1ms]
2022-12-09 12:22:18.377 [info] fatal: not a git repository (or any of the parent directories): .git
2022-12-09 12:22:18.380 [info] > git rev-parse --show-toplevel [0ms]
2022-12-09 12:22:18.380 [info] fatal: not a git repository (or any of the parent directories): .git
2022-12-09 12:22:18.390 [info] > git rev-parse --show-toplevel [6ms]
2022-12-09 12:22:18.390 [info] fatal: not a git repository (or any of the parent directories): .git
2022-12-09 12:22:21.139 [info] > git rev-parse --show-toplevel [2ms]
2022-12-09 12:22:21.139 [info] fatal: not a git repository (or any of the parent directories): .git
2022-12-09 12:22:21.143 [info] > git rev-parse --show-toplevel [0ms]
2022-12-09 12:22:21.143 [info] fatal: not a git repository (or any of the parent directories): .git
2022-12-09 12:22:21.168 [info] > git rev-parse --show-toplevel [21ms]
2022-12-09 12:22:21.168 [info] fatal: not a git repository (or any of the parent directories): .git
2022-12-09 12:22:21.172 [info] > git rev-parse --show-toplevel [1ms]
2022-12-09 12:22:21.172 [info] fatal: not a git repository (or any of the parent directories): .git
2022-12-09 12:22:21.177 [info] > git rev-parse --show-toplevel [2ms]
2022-12-09 12:22:21.177 [info] fatal: not a git repository (or any of the parent directories): .git
2022-12-09 12:22:21.181 [info] > git rev-parse --show-toplevel [1ms]
2022-12-09 12:22:21.181 [info] fatal: not a git repository (or any of the parent directories): .git
2022-12-09 19:59:52.774 [info] > git rev-parse --show-toplevel [2ms]
2022-12-09 19:59:52.774 [info] fatal: not a git repository (or any of the parent directories): .git
2022-12-09 19:59:52.785 [info] > git rev-parse --show-toplevel [2ms]
2022-12-09 19:59:52.785 [info] fatal: not a git repository (or any of the parent directories): .git
2022-12-09 19:59:52.798 [info] > git rev-parse --show-toplevel [6ms]
2022-12-09 19:59:52.798 [info] fatal: not a git repository (or any of the parent directories): .git
2022-12-09 19:59:52.805 [info] > git rev-parse --show-toplevel [1ms]
2022-12-09 19:59:52.805 [info] fatal: not a git repository (or any of the parent directories): .git
2022-12-09 19:59:52.811 [info] > git rev-parse --show-toplevel [1ms]
2022-12-09 19:59:52.811 [info] fatal: not a git repository (or any of the parent directories): .git
2022-12-09 19:59:52.819 [info] > git rev-parse --show-toplevel [2ms]
2022-12-09 19:59:52.819 [info] fatal: not a git repository (or any of the parent directories): .git
2022-12-09 19:59:53.081 [info] > git rev-parse --show-toplevel [1ms]
2022-12-09 19:59:53.081 [info] fatal: not a git repository (or any of the parent directories): .git
2022-12-09 19:59:53.088 [info] > git rev-parse --show-toplevel [1ms]
2022-12-09 19:59:53.088 [info] fatal: not a git repository (or any of the parent directories): .git
2022-12-09 19:59:53.119 [info] > git rev-parse --show-toplevel [26ms]
2022-12-09 19:59:53.119 [info] fatal: not a git repository (or any of the parent directories): .git
2022-12-09 19:59:53.124 [info] > git rev-parse --show-toplevel [1ms]
2022-12-09 19:59:53.124 [info] fatal: not a git repository (or any of the parent directories): .git
2022-12-09 19:59:53.129 [info] > git rev-parse --show-toplevel [1ms]
2022-12-09 19:59:53.129 [info] fatal: not a git repository (or any of the parent directories): .git
2022-12-09 19:59:53.134 [info] > git rev-parse --show-toplevel [0ms]
2022-12-09 19:59:53.134 [info] fatal: not a git repository (or any of the parent directories): .git
2022-12-09 20:00:20.078 [info] > git rev-parse --show-toplevel [3ms]
2022-12-09 20:00:20.078 [info] fatal: not a git repository (or any of the parent directories): .git
2022-12-09 20:00:20.151 [info] > git rev-parse --show-toplevel [64ms]
2022-12-09 20:00:20.151 [info] fatal: not a git repository (or any of the parent directories): .git
2022-12-09 20:00:20.161 [info] > git rev-parse --show-toplevel [2ms]
2022-12-09 20:00:20.161 [info] fatal: not a git repository (or any of the parent directories): .git
2022-12-09 20:00:20.170 [info] > git rev-parse --show-toplevel [1ms]
2022-12-09 20:00:20.170 [info] fatal: not a git repository (or any of the parent directories): .git
2022-12-09 20:00:20.192 [info] > git rev-parse --show-toplevel [14ms]
2022-12-09 20:00:20.192 [info] fatal: not a git repository (or any of the parent directories): .git
2022-12-09 20:00:20.201 [info] > git rev-parse --show-toplevel [1ms]
2022-12-09 20:00:20.201 [info] fatal: not a git repository (or any of the parent directories): .git
2022-12-09 20:01:18.918 [info] > git rev-parse --show-toplevel [2ms]
2022-12-09 20:01:18.918 [info] fatal: not a git repository (or any of the parent directories): .git
2022-12-09 20:01:18.952 [info] > git rev-parse --show-toplevel [2ms]
2022-12-09 20:01:18.952 [info] fatal: not a git repository (or any of the parent directories): .git
2022-12-09 20:01:19.020 [info] > git rev-parse --show-toplevel [51ms]
2022-12-09 20:01:19.020 [info] fatal: not a git repository (or any of the parent directories): .git
2022-12-09 20:01:19.031 [info] > git rev-parse --show-toplevel [3ms]
2022-12-09 20:01:19.031 [info] fatal: not a git repository (or any of the parent directories): .git
2022-12-09 20:01:19.059 [info] > git rev-parse --show-toplevel [5ms]
2022-12-09 20:01:19.059 [info] fatal: not a git repository (or any of the parent directories): .git
2022-12-09 20:01:19.085 [info] > git rev-parse --show-toplevel [5ms]
2022-12-09 20:01:19.085 [info] fatal: not a git repository (or any of the parent directories): .git
2022-12-09 20:02:00.664 [info] > git rev-parse --show-toplevel [9ms]
2022-12-09 20:02:00.664 [info] fatal: not a git repository (or any of the parent directories): .git
2022-12-09 20:02:00.699 [info] > git rev-parse --show-toplevel [7ms]
2022-12-09 20:02:00.699 [info] fatal: not a git repository (or any of the parent directories): .git
2022-12-09 20:02:00.748 [info] > git rev-parse --show-toplevel [20ms]
2022-12-09 20:02:00.748 [info] fatal: not a git repository (or any of the parent directories): .git
2022-12-09 20:02:00.774 [info] > git rev-parse --show-toplevel [3ms]
2022-12-09 20:02:00.774 [info] fatal: not a git repository (or any of the parent directories): .git
2022-12-09 20:02:00.795 [info] > git rev-parse --show-toplevel [2ms]
2022-12-09 20:02:00.795 [info] fatal: not a git repository (or any of the parent directories): .git
2022-12-09 20:02:00.819 [info] > git rev-parse --show-toplevel [6ms]
2022-12-09 20:02:00.819 [info] fatal: not a git repository (or any of the parent directories): .git
2022-12-09 20:02:01.798 [info] > git rev-parse --show-toplevel [2ms]
2022-12-09 20:02:01.798 [info] fatal: not a git repository (or any of the parent directories): .git
2022-12-09 20:02:01.823 [info] > git rev-parse --show-toplevel [2ms]
2022-12-09 20:02:01.823 [info] fatal: not a git repository (or any of the parent directories): .git
2022-12-09 20:02:01.848 [info] > git rev-parse --show-toplevel [2ms]
2022-12-09 20:02:01.848 [info] fatal: not a git repository (or any of the parent directories): .git
2022-12-09 20:02:01.869 [info] > git rev-parse --show-toplevel [3ms]
2022-12-09 20:02:01.869 [info] fatal: not a git repository (or any of the parent directories): .git
2022-12-09 20:02:01.896 [info] > git rev-parse --show-toplevel [3ms]
2022-12-09 20:02:01.896 [info] fatal: not a git repository (or any of the parent directories): .git
2022-12-09 20:02:01.922 [info] > git rev-parse --show-toplevel [2ms]
2022-12-09 20:02:01.922 [info] fatal: not a git repository (or any of the parent directories): .git
2022-12-09 20:02:07.157 [info] > git rev-parse --show-toplevel [5ms]
2022-12-09 20:02:07.158 [info] fatal: not a git repository (or any of the parent directories): .git
2022-12-09 20:02:07.177 [info] > git rev-parse --show-toplevel [3ms]
2022-12-09 20:02:07.177 [info] fatal: not a git repository (or any of the parent directories): .git
2022-12-09 20:02:07.197 [info] > git rev-parse --show-toplevel [2ms]
2022-12-09 20:02:07.197 [info] fatal: not a git repository (or any of the parent directories): .git
2022-12-09 20:02:07.316 [info] > git rev-parse --show-toplevel [102ms]
2022-12-09 20:02:07.316 [info] fatal: not a git repository (or any of the parent directories): .git
2022-12-09 20:02:07.337 [info] > git rev-parse --show-toplevel [2ms]
2022-12-09 20:02:07.337 [info] fatal: not a git repository (or any of the parent directories): .git
2022-12-09 20:02:07.357 [info] > git rev-parse --show-toplevel [2ms]
2022-12-09 20:02:07.357 [info] fatal: not a git repository (or any of the parent directories): .git
2022-12-09 20:04:26.263 [info] > git rev-parse --show-toplevel [1ms]
2022-12-09 20:04:26.263 [info] fatal: not a git repository (or any of the parent directories): .git
2022-12-09 20:04:26.268 [info] > git rev-parse --show-toplevel [0ms]
2022-12-09 20:04:26.268 [info] fatal: not a git repository (or any of the parent directories): .git
2022-12-09 20:04:26.297 [info] > git rev-parse --show-toplevel [24ms]
2022-12-09 20:04:26.297 [info] fatal: not a git repository (or any of the parent directories): .git
2022-12-09 20:04:26.301 [info] > git rev-parse --show-toplevel [0ms]
2022-12-09 20:04:26.301 [info] fatal: not a git repository (or any of the parent directories): .git
2022-12-09 20:04:26.308 [info] > git rev-parse --show-toplevel [3ms]
2022-12-09 20:04:26.308 [info] fatal: not a git repository (or any of the parent directories): .git
2022-12-09 20:04:26.313 [info] > git rev-parse --show-toplevel [1ms]
2022-12-09 20:04:26.313 [info] fatal: not a git repository (or any of the parent directories): .git
2022-12-09 20:04:32.075 [info] > git rev-parse --show-toplevel [6ms]
2022-12-09 20:04:32.075 [info] fatal: not a git repository (or any of the parent directories): .git
2022-12-09 20:06:54.706 [info] > git rev-parse --show-toplevel [3ms]
2022-12-09 20:06:54.706 [info] fatal: not a git repository (or any of the parent directories): .git
2022-12-09 20:06:54.713 [info] > git rev-parse --show-toplevel [1ms]
2022-12-09 20:06:54.713 [info] fatal: not a git repository (or any of the parent directories): .git
2022-12-09 20:06:54.749 [info] > git rev-parse --show-toplevel [30ms]
2022-12-09 20:06:54.749 [info] fatal: not a git repository (or any of the parent directories): .git
2022-12-09 20:06:54.754 [info] > git rev-parse --show-toplevel [1ms]
2022-12-09 20:06:54.754 [info] fatal: not a git repository (or any of the parent directories): .git
2022-12-09 20:06:54.759 [info] > git rev-parse --show-toplevel [1ms]
2022-12-09 20:06:54.759 [info] fatal: not a git repository (or any of the parent directories): .git
2022-12-09 20:06:54.765 [info] > git rev-parse --show-toplevel [1ms]
2022-12-09 20:06:54.765 [info] fatal: not a git repository (or any of the parent directories): .git
