2022-12-17 05:46:28.636 [info] Extension host with pid 6574 started
2022-12-17 05:46:28.636 [info] Skipping acquiring lock for /home/nik/.config/Code - OSS/User/workspaceStorage/f093968c6a09930fe0de5f3ad2e46506.
2022-12-17 05:46:28.684 [info] ExtensionService#_doActivateExtension vscode.git-base, startup: true, activationEvent: '*', root cause: vscode.git
2022-12-17 05:46:28.684 [info] ExtensionService#_doActivateExtension bierner.color-info, startup: true, activationEvent: '*'
2022-12-17 05:46:28.684 [info] ExtensionService#_doActivateExtension dendron.dendron, startup: true, activationEvent: '*'
2022-12-17 05:46:28.684 [info] ExtensionService#_doActivateExtension dendron.dendron-markdown-shortcuts, startup: true, activationEvent: '*'
2022-12-17 05:46:28.685 [info] ExtensionService#_doActivateExtension dendron.dendron-snippet-maker, startup: true, activationEvent: '*'
2022-12-17 05:46:28.685 [info] ExtensionService#_doActivateExtension dlasagno.wal-theme, startup: true, activationEvent: '*'
2022-12-17 05:46:28.685 [info] ExtensionService#_doActivateExtension iocave.monkey-patch, startup: true, activationEvent: '*', root cause: iocave.customize-ui
2022-12-17 05:46:28.685 [info] ExtensionService#_doActivateExtension Janne252.fontawesome-autocomplete, startup: true, activationEvent: '*'
2022-12-17 05:46:28.685 [info] ExtensionService#_doActivateExtension kamikillerto.vscode-colorize, startup: true, activationEvent: '*'
2022-12-17 05:46:28.685 [info] ExtensionService#_doActivateExtension naumovs.color-highlight, startup: true, activationEvent: '*'
2022-12-17 05:46:28.685 [info] ExtensionService#_doActivateExtension psudo-dev.nebula-oni-theme, startup: true, activationEvent: '*'
2022-12-17 05:46:29.381 [info] ExtensionService#_doActivateExtension vscode.git, startup: true, activationEvent: '*'
2022-12-17 05:46:29.382 [info] ExtensionService#_doActivateExtension vscode.github, startup: true, activationEvent: '*'
2022-12-17 05:46:29.382 [info] ExtensionService#_doActivateExtension iocave.customize-ui, startup: true, activationEvent: '*'
2022-12-17 05:46:29.447 [info] Eager extensions activated
2022-12-17 05:46:29.466 [info] ExtensionService#_doActivateExtension vscode.debug-auto-launch, startup: false, activationEvent: 'onStartupFinished'
2022-12-17 05:46:29.466 [info] ExtensionService#_doActivateExtension vscode.emmet, startup: false, activationEvent: 'onStartupFinished'
2022-12-17 05:46:29.466 [info] ExtensionService#_doActivateExtension vscode.merge-conflict, startup: false, activationEvent: 'onStartupFinished'
2022-12-17 05:46:29.466 [info] ExtensionService#_doActivateExtension activecove.marquee, startup: false, activationEvent: 'onStartupFinished'
2022-12-17 05:46:29.466 [info] ExtensionService#_doActivateExtension Equinusocio.vsc-material-theme, startup: false, activationEvent: 'onStartupFinished'
2022-12-17 05:46:29.466 [info] ExtensionService#_doActivateExtension equinusocio.vsc-material-theme-icons, startup: false, activationEvent: 'onStartupFinished'
2022-12-17 05:46:29.466 [info] ExtensionService#_doActivateExtension kuba-p.theme-pink-candy, startup: false, activationEvent: 'onStartupFinished'
2022-12-17 05:46:29.466 [info] ExtensionService#_doActivateExtension MatthewNespor.vscode-color-identifiers-mode, startup: false, activationEvent: 'onStartupFinished'
2022-12-17 05:46:29.466 [info] ExtensionService#_doActivateExtension Sudhan.neondark-theme, startup: false, activationEvent: 'onStartupFinished'
2022-12-17 05:46:29.466 [info] ExtensionService#_doActivateExtension virgilsisoe.hammerspoon, startup: false, activationEvent: 'onStartupFinished'
2022-12-17 05:46:29.530 [error] Activating extension virgilsisoe.hammerspoon failed due to an error:
2022-12-17 05:46:29.530 [error] Error: ENOENT: no such file or directory, open '/Applications/Hammerspoon.app/Contents/Resources/docs.json'
	at Object.openSync (node:fs:585:3)
	at Object.func [as openSync] (node:electron/js2c/asar_bundle:5:1812)
	at readFileSync (node:fs:453:35)
	at e.readFileSync (node:electron/js2c/asar_bundle:5:9160)
	at Object.<anonymous> (/home/nik/.vscode-oss/extensions/virgilsisoe.hammerspoon-0.4.0-universal/out/generate_hs_docs.js:7:48)
	at u._compile (/usr/lib/code/out/vs/loader.js:4:1313)
	at Module._extensions..js (node:internal/modules/cjs/loader:1173:10)
	at Module.load (node:internal/modules/cjs/loader:988:32)
	at Module._load (node:internal/modules/cjs/loader:829:12)
	at c._load (node:electron/js2c/asar_bundle:5:13343)
	at a._load (/usr/lib/code/out/vs/workbench/api/node/extensionHostProcess.js:118:14563)
	at v._load (/usr/lib/code/out/vs/workbench/api/node/extensionHostProcess.js:113:64900)
	at w._load (/usr/lib/code/out/vs/workbench/api/node/extensionHostProcess.js:113:64268)
	at Module.require (node:internal/modules/cjs/loader:1012:19)
	at p (/usr/lib/code/out/vs/loader.js:4:699)
	at Object.<anonymous> (/home/nik/.vscode-oss/extensions/virgilsisoe.hammerspoon-0.4.0-universal/out/extension.js:13:28)
	at u._compile (/usr/lib/code/out/vs/loader.js:4:1313)
	at Module._extensions..js (node:internal/modules/cjs/loader:1173:10)
	at Module.load (node:internal/modules/cjs/loader:988:32)
	at Module._load (node:internal/modules/cjs/loader:829:12)
	at c._load (node:electron/js2c/asar_bundle:5:13343)
	at a._load (/usr/lib/code/out/vs/workbench/api/node/extensionHostProcess.js:118:14563)
	at v._load (/usr/lib/code/out/vs/workbench/api/node/extensionHostProcess.js:113:64900)
	at w._load (/usr/lib/code/out/vs/workbench/api/node/extensionHostProcess.js:113:64268)
	at Module.require (node:internal/modules/cjs/loader:1012:19)
	at require (node:internal/modules/cjs/helpers:102:18)
	at Function.r [as __$__nodeRequire] (/usr/lib/code/out/vs/loader.js:5:101)
	at h._loadCommonJSModule (/usr/lib/code/out/vs/workbench/api/node/extensionHostProcess.js:113:66459)
	at process.processTicksAndRejections (node:internal/process/task_queues:96:5)
	at async Promise.all (index 0)
2022-12-17 06:13:52.866 [info] ExtensionService#_doActivateExtension vscode.configuration-editing, startup: false, activationEvent: 'onLanguage:jsonc'
2022-12-17 06:13:52.866 [info] ExtensionService#_doActivateExtension vscode.json-language-features, startup: false, activationEvent: 'onLanguage:jsonc'
2022-12-17 06:13:52.866 [info] ExtensionService#_doActivateExtension vscode.typescript-language-features, startup: false, activationEvent: 'onLanguage:jsonc'
2022-12-17 06:15:12.298 [info] ExtensionService#_doActivateExtension vscode.css-language-features, startup: false, activationEvent: 'onLanguage:css'
2022-12-17 07:20:19.193 [info] ExtensionService#_doActivateExtension anseki.vscode-color, startup: false, activationEvent: 'onCommand:extension.colorHelper.pick'
2022-12-17 07:20:19.195 [error] Activating extension anseki.vscode-color failed due to an error:
2022-12-17 07:20:19.195 [error] Error: Cannot find module '/home/nik/.vscode-oss/extensions/anseki.vscode-color-0.4.5-universal/extension'
Require stack:
- /usr/lib/code/out/vs/loader.js
- /usr/lib/code/out/bootstrap-amd.js
- /usr/lib/code/out/bootstrap-fork.js
	at Module._resolveFilename (node:internal/modules/cjs/loader:940:15)
	at Module._load (node:internal/modules/cjs/loader:785:27)
	at c._load (node:electron/js2c/asar_bundle:5:13343)
	at a._load (/usr/lib/code/out/vs/workbench/api/node/extensionHostProcess.js:118:14563)
	at v._load (/usr/lib/code/out/vs/workbench/api/node/extensionHostProcess.js:113:64900)
	at w._load (/usr/lib/code/out/vs/workbench/api/node/extensionHostProcess.js:113:64268)
	at Module.require (node:internal/modules/cjs/loader:1012:19)
	at require (node:internal/modules/cjs/helpers:102:18)
	at Function.r [as __$__nodeRequire] (/usr/lib/code/out/vs/loader.js:5:101)
	at h._loadCommonJSModule (/usr/lib/code/out/vs/workbench/api/node/extensionHostProcess.js:113:66459)
	at process.processTicksAndRejections (node:internal/process/task_queues:96:5)
	at async Promise.all (index 0)
2022-12-17 07:41:44.241 [info] ExtensionService#_doActivateExtension redhat.vscode-apache-camel, startup: false, activationEvent: 'onLanguage:yaml'
2022-12-17 07:41:44.241 [info] ExtensionService#_doActivateExtension redhat.vscode-yaml, startup: false, activationEvent: 'onLanguage:yaml'
2022-12-17 07:41:44.787 [warning] [redhat.vscode-yaml] Accessing a resource scoped configuration without providing a resource is not expected. To get the effective value for '[yaml]', provide the URI of a resource or 'null' for any resource.
2022-12-17 07:41:44.788 [warning] [redhat.vscode-yaml] Accessing a resource scoped configuration without providing a resource is not expected. To get the effective value for '[yaml]', provide the URI of a resource or 'null' for any resource.
2022-12-17 07:42:13.920 [warning] [redhat.vscode-yaml] Accessing a resource scoped configuration without providing a resource is not expected. To get the effective value for '[yaml]', provide the URI of a resource or 'null' for any resource.
2022-12-17 07:49:53.297 [warning] [redhat.vscode-yaml] Accessing a resource scoped configuration without providing a resource is not expected. To get the effective value for '[yaml]', provide the URI of a resource or 'null' for any resource.
2022-12-17 08:05:58.524 [info] Extension host terminating: received terminate message from renderer
2022-12-17 08:05:58.533 [error] An error occurred when deactivating the extension 'dendron.dendron':
2022-12-17 08:05:58.533 [error] DendronError: no native workspace
	at _i.getWorkspaceImplOrThrow (/home/nik/.vscode-oss/extensions/dendron.dendron-0.119.0-universal/dist/extension.js:8:3215133)
	at yi (/home/nik/.vscode-oss/extensions/dendron.dendron-0.119.0-universal/dist/extension.js:8:3211761)
	at Object.ps (/home/nik/.vscode-oss/extensions/dendron.dendron-0.119.0-universal/dist/extension.js:8:3462018)
	at Module.v (/home/nik/.vscode-oss/extensions/dendron.dendron-0.119.0-universal/dist/extension.js:8:3490073)
	at h._deactivate (/usr/lib/code/out/vs/workbench/api/node/extensionHostProcess.js:104:13260)
	at /usr/lib/code/out/vs/workbench/api/node/extensionHostProcess.js:104:10637
	at Array.map (<anonymous>)
	at h._deactivateAll (/usr/lib/code/out/vs/workbench/api/node/extensionHostProcess.js:104:10624)
	at h.terminate (/usr/lib/code/out/vs/workbench/api/node/extensionHostProcess.js:104:11010)
	at f.terminate (/usr/lib/code/out/vs/workbench/api/node/extensionHostProcess.js:108:1565)
	at b (/usr/lib/code/out/vs/workbench/api/node/extensionHostProcess.js:118:19113)
	at /usr/lib/code/out/vs/workbench/api/node/extensionHostProcess.js:118:17041
	at h.invoke (/usr/lib/code/out/vs/workbench/api/node/extensionHostProcess.js:61:145)
	at v.deliver (/usr/lib/code/out/vs/workbench/api/node/extensionHostProcess.js:61:2266)
	at g.fire (/usr/lib/code/out/vs/workbench/api/node/extensionHostProcess.js:61:1844)
	at r.fire (/usr/lib/code/out/vs/workbench/api/node/extensionHostProcess.js:70:16515)
	at o._receiveMessage (/usr/lib/code/out/vs/workbench/api/node/extensionHostProcess.js:70:21327)
	at /usr/lib/code/out/vs/workbench/api/node/extensionHostProcess.js:70:18770
	at h.invoke (/usr/lib/code/out/vs/workbench/api/node/extensionHostProcess.js:61:145)
	at v.deliver (/usr/lib/code/out/vs/workbench/api/node/extensionHostProcess.js:61:2266)
	at g.fire (/usr/lib/code/out/vs/workbench/api/node/extensionHostProcess.js:61:1844)
	at g.acceptChunk (/usr/lib/code/out/vs/workbench/api/node/extensionHostProcess.js:70:13346)
	at /usr/lib/code/out/vs/workbench/api/node/extensionHostProcess.js:70:12476
	at Socket.i (/usr/lib/code/out/vs/workbench/api/node/extensionHostProcess.js:70:24594)
	at Socket.emit (node:events:526:28)
	at Socket.emit (node:domain:475:12)
	at addChunk (node:internal/streams/readable:315:12)
	at readableAddChunk (node:internal/streams/readable:289:9)
	at Readable.push (node:internal/streams/readable:228:10)
	at Pipe.onStreamRead (node:internal/stream_base_commons:190:23)
2022-12-17 08:05:58.541 [info] Extension host with pid 6574 exiting with code 0
