2022-12-17 17:04:24.030 [info] Log level: Info
2022-12-17 17:04:24.030 [info] Validating found git in: "git"
2022-12-17 17:04:24.030 [info] Using git "2.39.0" from "git"
2022-12-17 17:04:24.030 [info] > git rev-parse --show-toplevel [8ms]
2022-12-17 17:04:24.030 [info] fatal: not a git repository (or any of the parent directories): .git
2022-12-17 17:04:24.087 [info] > git rev-parse --show-toplevel [62ms]
2022-12-17 17:04:24.087 [info] fatal: not a git repository (or any of the parent directories): .git
2022-12-17 17:04:24.117 [info] > git rev-parse --show-toplevel [23ms]
2022-12-17 17:04:24.117 [info] fatal: not a git repository (or any of the parent directories): .git
2022-12-17 17:04:24.137 [info] > git rev-parse --show-toplevel [12ms]
2022-12-17 17:04:24.137 [info] fatal: not a git repository (or any of the parent directories): .git
2022-12-17 17:04:24.148 [info] > git rev-parse --show-toplevel [4ms]
2022-12-17 17:04:24.148 [info] fatal: not a git repository (or any of the parent directories): .git
2022-12-17 17:04:24.155 [info] > git rev-parse --show-toplevel [1ms]
2022-12-17 17:04:24.155 [info] fatal: not a git repository (or any of the parent directories): .git
2022-12-17 17:04:24.161 [info] > git rev-parse --show-toplevel [1ms]
2022-12-17 17:04:24.161 [info] fatal: not a git repository (or any of the parent directories): .git
2022-12-17 17:04:24.167 [info] > git rev-parse --show-toplevel [1ms]
2022-12-17 17:04:24.167 [info] fatal: not a git repository (or any of the parent directories): .git
2022-12-17 17:04:24.173 [info] > git rev-parse --show-toplevel [1ms]
2022-12-17 17:04:24.173 [info] fatal: not a git repository (or any of the parent directories): .git
2022-12-17 17:04:24.178 [info] > git rev-parse --show-toplevel [1ms]
2022-12-17 17:04:24.178 [info] fatal: not a git repository (or any of the parent directories): .git
2022-12-17 17:04:46.701 [info] > git rev-parse --show-toplevel [2ms]
2022-12-17 17:04:46.701 [info] fatal: not a git repository (or any of the parent directories): .git
