2022-12-17 05:46:28.041 [info] Added views:workbench.panel.markers.view in workbench.panel.markers
2022-12-17 05:46:28.041 [info] Added views:workbench.panel.output in workbench.panel.output
2022-12-17 05:46:28.041 [info] Added views:terminal in terminal
2022-12-17 05:46:28.041 [info] Added views:outline in workbench.view.explorer
2022-12-17 05:46:28.041 [info] Added views:workbench.scm in workbench.view.scm
2022-12-17 05:46:28.041 [info] Added views:workbench.view.search in workbench.view.search
2022-12-17 05:46:28.041 [info] Added views:timeline in workbench.view.explorer
2022-12-17 05:46:28.041 [info] Added views:workbench.explorer.fileView in workbench.view.explorer
2022-12-17 05:46:28.180 [info] Added views:workbench.debug.welcome in workbench.view.debug
2022-12-17 05:46:28.478 [info] Added views:marquee in workbench.view.extension.marquee
2022-12-17 05:46:28.479 [info] Added views:robot.view.documentation in workbench.view.extension.robot-documentation
2022-12-17 05:46:28.479 [info] Added views:robot.view.output in workbench.view.extension.robot-output
2022-12-17 05:46:28.660 [info] Added views:dendron.recent-workspaces,dendron.help-and-feedback in workbench.view.extension.dendron-view
2022-12-17 05:46:28.681 [info] Added views:workbench.panel.repl.view in workbench.panel.repl
2022-12-17 05:46:29.374 [info] Added views:workbench.panel.comments in workbench.panel.comments
2022-12-17 07:20:31.608 [info] Added views:workbench.views.extensions.installed,workbench.views.extensions.popular,extensions.recommendedList in workbench.view.extensions
2022-12-17 07:20:31.612 [info] Removed views:workbench.views.extensions.popular from workbench.view.extensions
2022-12-17 07:20:32.164 [info] Removed views:extensions.recommendedList,workbench.views.extensions.installed from workbench.view.extensions
2022-12-17 07:20:32.185 [info] Added views:workbench.views.extensions.marketplace in workbench.view.extensions
2022-12-17 07:22:39.907 [info] Added views:todo.views.1files,todo.views.2embedded in workbench.view.extension.todo
2022-12-17 07:35:40.153 [info] Removed views:workbench.views.extensions.marketplace from workbench.view.extensions
2022-12-17 07:35:40.177 [info] Added views:workbench.views.extensions.installed,extensions.recommendedList in workbench.view.extensions
2022-12-17 07:35:44.853 [info] Removed views:extensions.recommendedList,workbench.views.extensions.installed from workbench.view.extensions
2022-12-17 07:35:44.865 [info] Added views:workbench.views.extensions.marketplace in workbench.view.extensions
2022-12-17 07:42:13.877 [info] Added views:cm_view in workbench.view.extension.color_manager_webview_container
